50	5.57	154	67
100	5.95	116	66
150	4.67	160	83
200	3.83	106	63
250	5.01	99	61
300	5.16	100	63
350	6.16	141	55
400	5.32	143	78
450	4.9	57	54
500	5.05	103	56
550	5.98	50	48
600	5.82	78	62
650	4.54	133	70
700	5.12	139	67
750	6.09	88	57
800	5.81	136	64
850	5.23	126	74
900	4.8	85	51
950	6.33	37	34
1000	5.4	129	62
1050	4.28	38	48
1100	5.08	71	53
1150	5.33	142	71
1200	5.54	87	66
1250	4.85	121	59
1300	5.17	100	62
1350	5.92	148	71
1400	5.97	77	50
1450	5.06	56	43
1500	6.26	77	54
1550	5.98	81	56
1600	5.69	85	56
1650	5.03	83	55
1700	5.97	89	60
1750	6.39	55	47
1800	5.92	91	50
1850	6.39	43	42
1900	6.29	74	51
1950	5.93	47	45
2000	5.77	37	36
2050	6.13	77	54
2100	6.04	127	63
2150	6.23	126	57
2200	5.57	87	67
2250	6.51	73	52
2300	6.08	73	53
2350	6.26	74	64
2400	6.01	39	40
2450	6.74	90	56
2500	6.11	108	64
2550	6.33	18	20
2600	5.9	81	54
2650	4.92	85	70
2700	6.73	55	30
2750	6.7	45	44
2800	7.07	30	35
2850	6.87	21	24
2900	6.73	37	44
2950	6.5	38	39
3000	6.15	51	47
3050	6.65	60	47
3100	6.79	37	39
3150	6.91	30	35
3200	6.95	22	25
3250	6.81	46	41
3300	6.65	25	32
3350	6.77	56	35
3400	6.62	33	29
3450	6.44	45	36
3500	6.62	36	37
3550	6.12	19	26
3600	7.04	31	37
3650	6.56	32	34
3700	6.96	50	44
3750	6.5	49	38
3800	6.87	45	46
3850	7.03	29	36
3900	6.67	30	38
3950	7.12	19	22
4000	5.89	83	57
4050	6.55	38	32
4100	7.03	38	43
4150	7.18	31	34
4200	7.37	82	46
4250	6.58	51	41
4300	6.87	24	31
4350	7.04	28	38
4400	5.72	36	37
4450	6.22	33	33
4500	6.99	69	47
4550	5.29	42	35
4600	7.12	59	44
4650	6.37	45	39
4700	6.95	30	39
4750	6.97	41	44
4800	6.82	36	41
4850	7.06	14	18
4900	6.36	29	47
4950	7.1	56	43
5000	7.11	27	29
5050	6.81	20	31
5100	6.83	32	24
5150	7.08	26	29
5200	7.0	62	48
5250	6.69	42	41
5300	6.97	21	22
5350	7.12	13	22
5400	7.16	26	29
5450	6.98	37	35
5500	7.08	29	35
5550	7.02	39	29
5600	6.67	29	39
5650	6.71	49	35
5700	6.37	85	52
5750	5.44	87	59
5800	6.79	61	47
5850	6.36	70	49
5900	6.16	70	47
5950	6.15	56	38
6000	5.93	87	51
6050	6.15	126	62
6100	7.08	83	47
6150	5.57	90	54
6200	6.95	68	44
6250	6.87	34	37
6300	6.8	35	31
6350	7.59	32	31
6400	7.34	70	44
6450	7.1	71	50
6500	7.28	76	35
6550	6.81	96	60
6600	7.26	67	45
6650	7.07	82	43
6700	7.02	74	33
6750	6.93	70	34
6800	7.14	61	39
6850	6.71	36	29
6900	6.92	74	43
6950	6.55	88	43
7000	6.64	73	53
7050	5.81	53	47
7100	6.35	52	42
7150	8.01	36	27
7200	7.33	35	30
7250	6.87	50	47
7300	5.59	58	56
7350	6.82	21	21
7400	7.66	81	49
7450	7.4	75	45
7500	7.13	66	36
7550	6.35	57	42
7600	7.73	58	33
7650	7.55	116	59
7700	6.7	120	53
7750	6.64	108	50
7800	6.67	76	54
7850	6.46	70	45
7900	7.16	61	41
7950	7.98	71	45
8000	7.51	87	49
8050	7.43	79	43
8100	7.2	70	44
8150	7.33	58	28
8200	7.58	80	52
8250	7.24	58	34
8300	6.82	45	35
8350	7.77	35	29
8400	6.97	42	33
8450	6.62	40	31
8500	7.29	54	37
8550	6.72	72	41
8600	7.17	77	38
8650	7.45	81	55
8700	6.06	68	52
8750	7.38	35	24
8800	7.56	46	33
8850	8.15	61	33
8900	7.02	48	32
8950	5.85	71	45
9000	7.45	86	43
9050	5.04	71	48
9100	6.97	91	55
9150	7.45	80	33
9200	6.98	43	36
9250	6.98	34	30
9300	6.93	68	39
9350	6.28	40	20
9400	7.36	59	42
9450	7.16	47	31
9500	7.06	43	37
9550	7.3	59	42
9600	7.46	52	46
9650	6.44	69	35
9700	7.39	49	30
9750	7.11	79	48
9800	6.87	69	41
9850	7.3	53	29
9900	6.9	43	38
9950	7.04	52	31
10000	6.44	48	37
10050	7.0	36	33
10100	6.86	49	35
10150	6.1	27	23
10200	6.64	43	49
10250	6.98	26	31
10300	6.49	105	40
10350	6.77	89	42
10400	5.73	67	46
10450	7.22	62	37
10500	7.25	61	42
10550	6.51	46	33
10600	5.48	52	47
10650	6.57	63	55
10700	7.32	62	46
10750	6.46	65	51
10800	7.47	40	32
10850	7.3	82	40
10900	5.86	127	64
10950	6.81	36	36
11000	6.1	44	32
11050	6.8	98	54
11100	6.78	36	38
11150	6.86	21	28
11200	5.96	65	47
11250	7.56	70	37
11300	7.71	47	30
11350	6.94	18	18
11400	7.37	29	37
11450	7.1	27	31
11500	7.28	22	24
11550	6.64	71	50
11600	7.64	70	39
11650	7.51	24	25
11700	7.27	20	23
11750	7.07	36	41
11800	7.51	59	42
11850	7.61	38	40
11900	7.75	60	38
11950	6.76	83	39
12000	6.72	38	23
12050	6.92	41	31
12100	7.4	52	31
12150	7.99	41	26
12200	7.65	118	47
12250	6.83	51	34
12300	7.13	84	41
12350	5.77	69	56
12400	7.37	45	32
12450	6.72	58	39
12500	7.02	44	38
12550	7.16	48	30
12600	7.86	32	25
12650	7.0	55	41
12700	7.65	53	33
12750	6.21	58	58
12800	7.35	30	22
12850	7.54	33	26
12900	6.91	42	30
12950	7.09	33	35
13000	7.85	43	34
13050	7.08	82	49
13100	7.51	29	31
13150	7.55	25	27
13200	7.59	45	30
13250	7.8	27	27
13300	7.67	73	55
13350	7.72	58	49
13400	7.76	57	32
13450	8.07	27	21
13500	7.61	66	45
13550	7.52	30	23
13600	7.75	40	35
13650	7.76	23	18
13700	7.71	46	36
13750	5.85	67	41
13800	7.11	45	46
13850	7.63	38	38
13900	7.6	76	62
13950	7.81	29	18
14000	7.7	28	31
14050	7.32	32	38
14100	7.58	30	36
14150	7.47	32	31
14200	7.27	34	31
14250	7.46	47	38
14300	7.73	42	31
14350	6.97	34	31
14400	8.15	54	34
14450	7.4	58	30
14500	7.43	29	23
14550	6.29	35	25
14600	6.96	35	32
14650	7.86	58	44
14700	7.51	85	45
14750	7.59	51	34
14800	6.97	46	30
14850	7.56	54	41
14900	7.88	47	36
14950	7.69	69	38
15000	7.54	37	31
15050	6.95	65	40
15100	3.88	123	65
15150	6.02	75	42
15200	7.82	77	47
15250	7.47	34	21
15300	7.63	41	29
15350	6.85	52	47
15400	7.06	33	27
15450	7.29	24	28
15500	7.17	15	32
15550	7.54	16	26
15600	7.4	28	15
15650	7.65	51	33
15700	7.35	34	34
15750	6.52	50	36
15800	7.29	51	38
15850	7.84	31	27
15900	7.3	35	19
15950	7.68	36	31
16000	7.69	59	58
16050	7.54	52	36
16100	7.42	35	34
16150	7.3	22	16
16200	7.12	36	33
16250	6.98	88	53
16300	6.95	35	26
