2018-09-02 17:29:01,327 : INFO : reinforce.py : Starting training using pytorch version:0.4.1
2018-09-02 17:29:01,328 : INFO : reinforce.py : CUDA is enabled. Using device_id:0 version:8.0.61 on gpu:TITAN X (Pascal)
2018-09-02 17:29:03,163 : INFO : reinforce.py : Creating RlAgent from alice_model: sv_model.th
2018-09-02 17:29:03,163 : INFO : reinforce.py : Creating Bob's (not --smart_bob) LstmAgent
2018-09-02 17:29:03,189 : INFO : reinforce.py : Initializing communication dialogue between Alice and Bob
2018-09-02 17:29:03,201 : INFO : reinforce.py : Building word corpus, requiring minimum word frequency of 20 for dictionary
2018-09-02 17:29:03,792 : INFO : reinforce.py : Starting Reinforcement Learning
100: dialog_len=4.63 sent_len=6.22 agree=73.00% advantage=-0.67 time=0.041s comb_rew=9.65 alice_rew=4.58 alice_sel=40.00% alice_unique=107 bob_rew=5.07 bob_sel=60.00% bob_unique=142 full_match=0.79
2018-09-02 17:29:08,489 : INFO : reinforce.py : 100: dialog_len=4.63 sent_len=6.22 agree=73.00% advantage=-0.67 time=0.041s comb_rew=9.65 alice_rew=4.58 alice_sel=40.00% alice_unique=107 bob_rew=5.07 bob_sel=60.00% bob_unique=142 full_match=0.79
200: dialog_len=4.45 sent_len=6.06 agree=76.50% advantage=-0.41 time=0.041s comb_rew=9.91 alice_rew=4.80 alice_sel=54.00% alice_unique=195 bob_rew=5.12 bob_sel=46.00% bob_unique=213 full_match=0.80
2018-09-02 17:29:12,920 : INFO : reinforce.py : 200: dialog_len=4.45 sent_len=6.06 agree=76.50% advantage=-0.41 time=0.041s comb_rew=9.91 alice_rew=4.80 alice_sel=54.00% alice_unique=195 bob_rew=5.12 bob_sel=46.00% bob_unique=213 full_match=0.80
300: dialog_len=4.69 sent_len=6.46 agree=74.33% advantage=0.12 time=0.046s comb_rew=9.61 alice_rew=4.85 alice_sel=60.00% alice_unique=323 bob_rew=4.76 bob_sel=40.00% bob_unique=324 full_match=0.76
2018-09-02 17:29:19,130 : INFO : reinforce.py : 300: dialog_len=4.69 sent_len=6.46 agree=74.33% advantage=0.12 time=0.046s comb_rew=9.61 alice_rew=4.85 alice_sel=60.00% alice_unique=323 bob_rew=4.76 bob_sel=40.00% bob_unique=324 full_match=0.76
400: dialog_len=4.80 sent_len=6.59 agree=74.50% advantage=0.10 time=0.047s comb_rew=9.60 alice_rew=4.84 alice_sel=64.00% alice_unique=421 bob_rew=4.76 bob_sel=36.00% bob_unique=433 full_match=0.75
2018-09-02 17:29:24,631 : INFO : reinforce.py : 400: dialog_len=4.80 sent_len=6.59 agree=74.50% advantage=0.10 time=0.047s comb_rew=9.60 alice_rew=4.84 alice_sel=64.00% alice_unique=421 bob_rew=4.76 bob_sel=36.00% bob_unique=433 full_match=0.75
500: dialog_len=4.68 sent_len=6.49 agree=75.00% advantage=0.31 time=0.045s comb_rew=9.69 alice_rew=4.96 alice_sel=67.80% alice_unique=497 bob_rew=4.73 bob_sel=32.20% bob_unique=500 full_match=0.75
2018-09-02 17:29:28,694 : INFO : reinforce.py : 500: dialog_len=4.68 sent_len=6.49 agree=75.00% advantage=0.31 time=0.045s comb_rew=9.69 alice_rew=4.96 alice_sel=67.80% alice_unique=497 bob_rew=4.73 bob_sel=32.20% bob_unique=500 full_match=0.75
600: dialog_len=4.74 sent_len=6.53 agree=73.33% advantage=0.44 time=0.044s comb_rew=9.47 alice_rew=4.90 alice_sel=66.50% alice_unique=604 bob_rew=4.57 bob_sel=33.50% bob_unique=585 full_match=0.74
2018-09-02 17:29:32,839 : INFO : reinforce.py : 600: dialog_len=4.74 sent_len=6.53 agree=73.33% advantage=0.44 time=0.044s comb_rew=9.47 alice_rew=4.90 alice_sel=66.50% alice_unique=604 bob_rew=4.57 bob_sel=33.50% bob_unique=585 full_match=0.74
700: dialog_len=4.68 sent_len=6.47 agree=72.86% advantage=0.30 time=0.042s comb_rew=9.49 alice_rew=4.85 alice_sel=63.57% alice_unique=666 bob_rew=4.63 bob_sel=36.43% bob_unique=646 full_match=0.75
2018-09-02 17:29:36,279 : INFO : reinforce.py : 700: dialog_len=4.68 sent_len=6.47 agree=72.86% advantage=0.30 time=0.042s comb_rew=9.49 alice_rew=4.85 alice_sel=63.57% alice_unique=666 bob_rew=4.63 bob_sel=36.43% bob_unique=646 full_match=0.75
800: dialog_len=4.66 sent_len=6.42 agree=73.38% advantage=0.30 time=0.041s comb_rew=9.48 alice_rew=4.85 alice_sel=62.88% alice_unique=720 bob_rew=4.63 bob_sel=37.12% bob_unique=716 full_match=0.76
2018-09-02 17:29:39,841 : INFO : reinforce.py : 800: dialog_len=4.66 sent_len=6.42 agree=73.38% advantage=0.30 time=0.041s comb_rew=9.48 alice_rew=4.85 alice_sel=62.88% alice_unique=720 bob_rew=4.63 bob_sel=37.12% bob_unique=716 full_match=0.76
900: dialog_len=4.67 sent_len=6.43 agree=73.11% advantage=0.24 time=0.040s comb_rew=9.44 alice_rew=4.81 alice_sel=62.22% alice_unique=818 bob_rew=4.63 bob_sel=37.78% bob_unique=784 full_match=0.75
2018-09-02 17:29:43,736 : INFO : reinforce.py : 900: dialog_len=4.67 sent_len=6.43 agree=73.11% advantage=0.24 time=0.040s comb_rew=9.44 alice_rew=4.81 alice_sel=62.22% alice_unique=818 bob_rew=4.63 bob_sel=37.78% bob_unique=784 full_match=0.75
1000: dialog_len=4.60 sent_len=6.38 agree=74.00% advantage=0.12 time=0.039s comb_rew=9.57 alice_rew=4.83 alice_sel=62.20% alice_unique=874 bob_rew=4.74 bob_sel=37.80% bob_unique=817 full_match=0.75
2018-09-02 17:29:46,979 : INFO : reinforce.py : 1000: dialog_len=4.60 sent_len=6.38 agree=74.00% advantage=0.12 time=0.039s comb_rew=9.57 alice_rew=4.83 alice_sel=62.20% alice_unique=874 bob_rew=4.74 bob_sel=37.80% bob_unique=817 full_match=0.75
1100: dialog_len=4.60 sent_len=6.39 agree=74.45% advantage=0.07 time=0.039s comb_rew=9.64 alice_rew=4.85 alice_sel=64.36% alice_unique=950 bob_rew=4.79 bob_sel=35.64% bob_unique=873 full_match=0.75
2018-09-02 17:29:50,897 : INFO : reinforce.py : 1100: dialog_len=4.60 sent_len=6.39 agree=74.45% advantage=0.07 time=0.039s comb_rew=9.64 alice_rew=4.85 alice_sel=64.36% alice_unique=950 bob_rew=4.79 bob_sel=35.64% bob_unique=873 full_match=0.75
1200: dialog_len=4.59 sent_len=6.43 agree=74.42% advantage=0.05 time=0.038s comb_rew=9.66 alice_rew=4.85 alice_sel=65.17% alice_unique=1015 bob_rew=4.81 bob_sel=34.83% bob_unique=931 full_match=0.75
2018-09-02 17:29:54,835 : INFO : reinforce.py : 1200: dialog_len=4.59 sent_len=6.43 agree=74.42% advantage=0.05 time=0.038s comb_rew=9.66 alice_rew=4.85 alice_sel=65.17% alice_unique=1015 bob_rew=4.81 bob_sel=34.83% bob_unique=931 full_match=0.75
1300: dialog_len=4.60 sent_len=6.43 agree=75.23% advantage=-0.01 time=0.038s comb_rew=9.78 alice_rew=4.89 alice_sel=66.38% alice_unique=1062 bob_rew=4.90 bob_sel=33.62% bob_unique=994 full_match=0.75
2018-09-02 17:29:58,915 : INFO : reinforce.py : 1300: dialog_len=4.60 sent_len=6.43 agree=75.23% advantage=-0.01 time=0.038s comb_rew=9.78 alice_rew=4.89 alice_sel=66.38% alice_unique=1062 bob_rew=4.90 bob_sel=33.62% bob_unique=994 full_match=0.75
1400: dialog_len=4.56 sent_len=6.42 agree=76.21% advantage=-0.05 time=0.038s comb_rew=9.95 alice_rew=4.95 alice_sel=67.79% alice_unique=1094 bob_rew=4.99 bob_sel=32.21% bob_unique=1040 full_match=0.75
2018-09-02 17:30:02,411 : INFO : reinforce.py : 1400: dialog_len=4.56 sent_len=6.42 agree=76.21% advantage=-0.05 time=0.038s comb_rew=9.95 alice_rew=4.95 alice_sel=67.79% alice_unique=1094 bob_rew=4.99 bob_sel=32.21% bob_unique=1040 full_match=0.75
1500: dialog_len=4.53 sent_len=6.39 agree=77.20% advantage=-0.12 time=0.037s comb_rew=10.12 alice_rew=5.02 alice_sel=69.40% alice_unique=1117 bob_rew=5.11 bob_sel=30.60% bob_unique=1079 full_match=0.75
2018-09-02 17:30:06,032 : INFO : reinforce.py : 1500: dialog_len=4.53 sent_len=6.39 agree=77.20% advantage=-0.12 time=0.037s comb_rew=10.12 alice_rew=5.02 alice_sel=69.40% alice_unique=1117 bob_rew=5.11 bob_sel=30.60% bob_unique=1079 full_match=0.75
1600: dialog_len=4.51 sent_len=6.39 agree=77.69% advantage=-0.13 time=0.037s comb_rew=10.18 alice_rew=5.04 alice_sel=70.12% alice_unique=1167 bob_rew=5.14 bob_sel=29.88% bob_unique=1120 full_match=0.75
2018-09-02 17:30:10,009 : INFO : reinforce.py : 1600: dialog_len=4.51 sent_len=6.39 agree=77.69% advantage=-0.13 time=0.037s comb_rew=10.18 alice_rew=5.04 alice_sel=70.12% alice_unique=1167 bob_rew=5.14 bob_sel=29.88% bob_unique=1120 full_match=0.75
1700: dialog_len=4.49 sent_len=6.37 agree=78.00% advantage=-0.14 time=0.037s comb_rew=10.22 alice_rew=5.06 alice_sel=71.18% alice_unique=1195 bob_rew=5.17 bob_sel=28.82% bob_unique=1150 full_match=0.75
2018-09-02 17:30:14,284 : INFO : reinforce.py : 1700: dialog_len=4.49 sent_len=6.37 agree=78.00% advantage=-0.14 time=0.037s comb_rew=10.22 alice_rew=5.06 alice_sel=71.18% alice_unique=1195 bob_rew=5.17 bob_sel=28.82% bob_unique=1150 full_match=0.75
1800: dialog_len=4.44 sent_len=6.34 agree=78.83% advantage=-0.18 time=0.037s comb_rew=10.37 alice_rew=5.11 alice_sel=72.44% alice_unique=1205 bob_rew=5.26 bob_sel=27.56% bob_unique=1172 full_match=0.75
2018-09-02 17:30:18,189 : INFO : reinforce.py : 1800: dialog_len=4.44 sent_len=6.34 agree=78.83% advantage=-0.18 time=0.037s comb_rew=10.37 alice_rew=5.11 alice_sel=72.44% alice_unique=1205 bob_rew=5.26 bob_sel=27.56% bob_unique=1172 full_match=0.75
1900: dialog_len=4.44 sent_len=6.33 agree=79.21% advantage=-0.12 time=0.037s comb_rew=10.43 alice_rew=5.17 alice_sel=72.68% alice_unique=1241 bob_rew=5.26 bob_sel=27.32% bob_unique=1216 full_match=0.76
2018-09-02 17:30:21,744 : INFO : reinforce.py : 1900: dialog_len=4.44 sent_len=6.33 agree=79.21% advantage=-0.12 time=0.037s comb_rew=10.43 alice_rew=5.17 alice_sel=72.68% alice_unique=1241 bob_rew=5.26 bob_sel=27.32% bob_unique=1216 full_match=0.76
2000: dialog_len=4.44 sent_len=6.33 agree=79.45% advantage=-0.13 time=0.037s comb_rew=10.48 alice_rew=5.19 alice_sel=72.35% alice_unique=1295 bob_rew=5.29 bob_sel=27.65% bob_unique=1259 full_match=0.76
2018-09-02 17:30:25,576 : INFO : reinforce.py : 2000: dialog_len=4.44 sent_len=6.33 agree=79.45% advantage=-0.13 time=0.037s comb_rew=10.48 alice_rew=5.19 alice_sel=72.35% alice_unique=1295 bob_rew=5.29 bob_sel=27.65% bob_unique=1259 full_match=0.76
2100: dialog_len=4.44 sent_len=6.33 agree=79.81% advantage=-0.14 time=0.037s comb_rew=10.53 alice_rew=5.21 alice_sel=72.76% alice_unique=1334 bob_rew=5.32 bob_sel=27.24% bob_unique=1301 full_match=0.76
2018-09-02 17:30:30,061 : INFO : reinforce.py : 2100: dialog_len=4.44 sent_len=6.33 agree=79.81% advantage=-0.14 time=0.037s comb_rew=10.53 alice_rew=5.21 alice_sel=72.76% alice_unique=1334 bob_rew=5.32 bob_sel=27.24% bob_unique=1301 full_match=0.76
2200: dialog_len=4.42 sent_len=6.31 agree=80.45% advantage=-0.16 time=0.037s comb_rew=10.65 alice_rew=5.26 alice_sel=73.59% alice_unique=1356 bob_rew=5.39 bob_sel=26.41% bob_unique=1328 full_match=0.76
2018-09-02 17:30:34,207 : INFO : reinforce.py : 2200: dialog_len=4.42 sent_len=6.31 agree=80.45% advantage=-0.16 time=0.037s comb_rew=10.65 alice_rew=5.26 alice_sel=73.59% alice_unique=1356 bob_rew=5.39 bob_sel=26.41% bob_unique=1328 full_match=0.76
2300: dialog_len=4.41 sent_len=6.28 agree=80.96% advantage=-0.20 time=0.037s comb_rew=10.77 alice_rew=5.30 alice_sel=74.43% alice_unique=1370 bob_rew=5.47 bob_sel=25.57% bob_unique=1360 full_match=0.76
2018-09-02 17:30:38,091 : INFO : reinforce.py : 2300: dialog_len=4.41 sent_len=6.28 agree=80.96% advantage=-0.20 time=0.037s comb_rew=10.77 alice_rew=5.30 alice_sel=74.43% alice_unique=1370 bob_rew=5.47 bob_sel=25.57% bob_unique=1360 full_match=0.76
2400: dialog_len=4.40 sent_len=6.26 agree=81.46% advantage=-0.19 time=0.037s comb_rew=10.84 alice_rew=5.34 alice_sel=75.29% alice_unique=1379 bob_rew=5.49 bob_sel=24.71% bob_unique=1387 full_match=0.76
2018-09-02 17:30:41,626 : INFO : reinforce.py : 2400: dialog_len=4.40 sent_len=6.26 agree=81.46% advantage=-0.19 time=0.037s comb_rew=10.84 alice_rew=5.34 alice_sel=75.29% alice_unique=1379 bob_rew=5.49 bob_sel=24.71% bob_unique=1387 full_match=0.76
2500: dialog_len=4.38 sent_len=6.24 agree=81.80% advantage=-0.18 time=0.036s comb_rew=10.89 alice_rew=5.37 alice_sel=76.16% alice_unique=1391 bob_rew=5.52 bob_sel=23.84% bob_unique=1405 full_match=0.77
2018-09-02 17:30:45,029 : INFO : reinforce.py : 2500: dialog_len=4.38 sent_len=6.24 agree=81.80% advantage=-0.18 time=0.036s comb_rew=10.89 alice_rew=5.37 alice_sel=76.16% alice_unique=1391 bob_rew=5.52 bob_sel=23.84% bob_unique=1405 full_match=0.77
2600: dialog_len=4.38 sent_len=6.24 agree=82.27% advantage=-0.16 time=0.037s comb_rew=10.96 alice_rew=5.41 alice_sel=76.73% alice_unique=1411 bob_rew=5.55 bob_sel=23.27% bob_unique=1453 full_match=0.77
2018-09-02 17:30:50,018 : INFO : reinforce.py : 2600: dialog_len=4.38 sent_len=6.24 agree=82.27% advantage=-0.16 time=0.037s comb_rew=10.96 alice_rew=5.41 alice_sel=76.73% alice_unique=1411 bob_rew=5.55 bob_sel=23.27% bob_unique=1453 full_match=0.77
2700: dialog_len=4.41 sent_len=6.25 agree=82.04% advantage=-0.11 time=0.037s comb_rew=10.91 alice_rew=5.41 alice_sel=76.67% alice_unique=1453 bob_rew=5.50 bob_sel=23.33% bob_unique=1528 full_match=0.77
2018-09-02 17:30:54,953 : INFO : reinforce.py : 2700: dialog_len=4.41 sent_len=6.25 agree=82.04% advantage=-0.11 time=0.037s comb_rew=10.91 alice_rew=5.41 alice_sel=76.67% alice_unique=1453 bob_rew=5.50 bob_sel=23.33% bob_unique=1528 full_match=0.77
2800: dialog_len=4.42 sent_len=6.27 agree=82.21% advantage=-0.11 time=0.037s comb_rew=10.93 alice_rew=5.42 alice_sel=76.64% alice_unique=1491 bob_rew=5.51 bob_sel=23.36% bob_unique=1576 full_match=0.77
2018-09-02 17:30:59,217 : INFO : reinforce.py : 2800: dialog_len=4.42 sent_len=6.27 agree=82.21% advantage=-0.11 time=0.037s comb_rew=10.93 alice_rew=5.42 alice_sel=76.64% alice_unique=1491 bob_rew=5.51 bob_sel=23.36% bob_unique=1576 full_match=0.77
2900: dialog_len=4.41 sent_len=6.26 agree=82.48% advantage=-0.13 time=0.037s comb_rew=10.98 alice_rew=5.44 alice_sel=77.10% alice_unique=1520 bob_rew=5.54 bob_sel=22.90% bob_unique=1617 full_match=0.77
2018-09-02 17:31:03,101 : INFO : reinforce.py : 2900: dialog_len=4.41 sent_len=6.26 agree=82.48% advantage=-0.13 time=0.037s comb_rew=10.98 alice_rew=5.44 alice_sel=77.10% alice_unique=1520 bob_rew=5.54 bob_sel=22.90% bob_unique=1617 full_match=0.77
3000: dialog_len=4.42 sent_len=6.27 agree=82.33% advantage=-0.13 time=0.037s comb_rew=10.97 alice_rew=5.43 alice_sel=77.07% alice_unique=1561 bob_rew=5.54 bob_sel=22.93% bob_unique=1670 full_match=0.77
2018-09-02 17:31:07,231 : INFO : reinforce.py : 3000: dialog_len=4.42 sent_len=6.27 agree=82.33% advantage=-0.13 time=0.037s comb_rew=10.97 alice_rew=5.43 alice_sel=77.07% alice_unique=1561 bob_rew=5.54 bob_sel=22.93% bob_unique=1670 full_match=0.77
3100: dialog_len=4.44 sent_len=6.28 agree=82.48% advantage=-0.12 time=0.037s comb_rew=10.98 alice_rew=5.44 alice_sel=77.26% alice_unique=1600 bob_rew=5.54 bob_sel=22.74% bob_unique=1717 full_match=0.77
2018-09-02 17:31:12,138 : INFO : reinforce.py : 3100: dialog_len=4.44 sent_len=6.28 agree=82.48% advantage=-0.12 time=0.037s comb_rew=10.98 alice_rew=5.44 alice_sel=77.26% alice_unique=1600 bob_rew=5.54 bob_sel=22.74% bob_unique=1717 full_match=0.77
3200: dialog_len=4.45 sent_len=6.28 agree=82.62% advantage=-0.12 time=0.038s comb_rew=11.00 alice_rew=5.45 alice_sel=77.66% alice_unique=1626 bob_rew=5.55 bob_sel=22.34% bob_unique=1762 full_match=0.77
2018-09-02 17:31:17,456 : INFO : reinforce.py : 3200: dialog_len=4.45 sent_len=6.28 agree=82.62% advantage=-0.12 time=0.038s comb_rew=11.00 alice_rew=5.45 alice_sel=77.66% alice_unique=1626 bob_rew=5.55 bob_sel=22.34% bob_unique=1762 full_match=0.77
3300: dialog_len=4.45 sent_len=6.27 agree=82.67% advantage=-0.11 time=0.038s comb_rew=11.01 alice_rew=5.46 alice_sel=77.82% alice_unique=1645 bob_rew=5.55 bob_sel=22.18% bob_unique=1805 full_match=0.77
2018-09-02 17:31:22,705 : INFO : reinforce.py : 3300: dialog_len=4.45 sent_len=6.27 agree=82.67% advantage=-0.11 time=0.038s comb_rew=11.01 alice_rew=5.46 alice_sel=77.82% alice_unique=1645 bob_rew=5.55 bob_sel=22.18% bob_unique=1805 full_match=0.77
3400: dialog_len=4.48 sent_len=6.27 agree=82.74% advantage=-0.06 time=0.038s comb_rew=11.02 alice_rew=5.48 alice_sel=78.21% alice_unique=1658 bob_rew=5.54 bob_sel=21.79% bob_unique=1860 full_match=0.77
2018-09-02 17:31:28,092 : INFO : reinforce.py : 3400: dialog_len=4.48 sent_len=6.27 agree=82.74% advantage=-0.06 time=0.038s comb_rew=11.02 alice_rew=5.48 alice_sel=78.21% alice_unique=1658 bob_rew=5.54 bob_sel=21.79% bob_unique=1860 full_match=0.77
3500: dialog_len=4.50 sent_len=6.27 agree=82.86% advantage=0.01 time=0.039s comb_rew=11.03 alice_rew=5.52 alice_sel=78.49% alice_unique=1672 bob_rew=5.51 bob_sel=21.51% bob_unique=1912 full_match=0.78
2018-09-02 17:31:34,476 : INFO : reinforce.py : 3500: dialog_len=4.50 sent_len=6.27 agree=82.86% advantage=0.01 time=0.039s comb_rew=11.03 alice_rew=5.52 alice_sel=78.49% alice_unique=1672 bob_rew=5.51 bob_sel=21.51% bob_unique=1912 full_match=0.78
3600: dialog_len=4.52 sent_len=6.27 agree=82.83% advantage=0.05 time=0.039s comb_rew=11.02 alice_rew=5.53 alice_sel=78.86% alice_unique=1680 bob_rew=5.49 bob_sel=21.14% bob_unique=1959 full_match=0.78
2018-09-02 17:31:39,996 : INFO : reinforce.py : 3600: dialog_len=4.52 sent_len=6.27 agree=82.83% advantage=0.05 time=0.039s comb_rew=11.02 alice_rew=5.53 alice_sel=78.86% alice_unique=1680 bob_rew=5.49 bob_sel=21.14% bob_unique=1959 full_match=0.78
3700: dialog_len=4.52 sent_len=6.26 agree=82.81% advantage=0.06 time=0.039s comb_rew=11.01 alice_rew=5.53 alice_sel=78.73% alice_unique=1696 bob_rew=5.48 bob_sel=21.27% bob_unique=1993 full_match=0.78
2018-09-02 17:31:44,738 : INFO : reinforce.py : 3700: dialog_len=4.52 sent_len=6.26 agree=82.81% advantage=0.06 time=0.039s comb_rew=11.01 alice_rew=5.53 alice_sel=78.73% alice_unique=1696 bob_rew=5.48 bob_sel=21.27% bob_unique=1993 full_match=0.78
3800: dialog_len=4.55 sent_len=6.27 agree=82.92% advantage=0.12 time=0.039s comb_rew=11.01 alice_rew=5.56 alice_sel=78.89% alice_unique=1705 bob_rew=5.45 bob_sel=21.11% bob_unique=2062 full_match=0.78
2018-09-02 17:31:49,925 : INFO : reinforce.py : 3800: dialog_len=4.55 sent_len=6.27 agree=82.92% advantage=0.12 time=0.039s comb_rew=11.01 alice_rew=5.56 alice_sel=78.89% alice_unique=1705 bob_rew=5.45 bob_sel=21.11% bob_unique=2062 full_match=0.78
3900: dialog_len=4.58 sent_len=6.26 agree=82.90% advantage=0.18 time=0.040s comb_rew=10.99 alice_rew=5.57 alice_sel=78.38% alice_unique=1716 bob_rew=5.42 bob_sel=21.62% bob_unique=2129 full_match=0.79
2018-09-02 17:31:55,927 : INFO : reinforce.py : 3900: dialog_len=4.58 sent_len=6.26 agree=82.90% advantage=0.18 time=0.040s comb_rew=10.99 alice_rew=5.57 alice_sel=78.38% alice_unique=1716 bob_rew=5.42 bob_sel=21.62% bob_unique=2129 full_match=0.79
4000: dialog_len=4.61 sent_len=6.27 agree=83.12% advantage=0.24 time=0.040s comb_rew=11.00 alice_rew=5.60 alice_sel=78.70% alice_unique=1725 bob_rew=5.40 bob_sel=21.30% bob_unique=2189 full_match=0.79
2018-09-02 17:32:02,788 : INFO : reinforce.py : 4000: dialog_len=4.61 sent_len=6.27 agree=83.12% advantage=0.24 time=0.040s comb_rew=11.00 alice_rew=5.60 alice_sel=78.70% alice_unique=1725 bob_rew=5.40 bob_sel=21.30% bob_unique=2189 full_match=0.79
4100: dialog_len=4.64 sent_len=6.28 agree=83.32% advantage=0.31 time=0.041s comb_rew=11.00 alice_rew=5.63 alice_sel=78.95% alice_unique=1732 bob_rew=5.37 bob_sel=21.05% bob_unique=2259 full_match=0.79
2018-09-02 17:32:09,900 : INFO : reinforce.py : 4100: dialog_len=4.64 sent_len=6.28 agree=83.32% advantage=0.31 time=0.041s comb_rew=11.00 alice_rew=5.63 alice_sel=78.95% alice_unique=1732 bob_rew=5.37 bob_sel=21.05% bob_unique=2259 full_match=0.79
4200: dialog_len=4.66 sent_len=6.28 agree=83.36% advantage=0.36 time=0.041s comb_rew=11.02 alice_rew=5.66 alice_sel=79.24% alice_unique=1742 bob_rew=5.36 bob_sel=20.76% bob_unique=2316 full_match=0.79
2018-09-02 17:32:16,020 : INFO : reinforce.py : 4200: dialog_len=4.66 sent_len=6.28 agree=83.36% advantage=0.36 time=0.041s comb_rew=11.02 alice_rew=5.66 alice_sel=79.24% alice_unique=1742 bob_rew=5.36 bob_sel=20.76% bob_unique=2316 full_match=0.79
4300: dialog_len=4.69 sent_len=6.29 agree=83.35% advantage=0.41 time=0.042s comb_rew=11.00 alice_rew=5.67 alice_sel=79.33% alice_unique=1755 bob_rew=5.33 bob_sel=20.67% bob_unique=2381 full_match=0.79
2018-09-02 17:32:21,841 : INFO : reinforce.py : 4300: dialog_len=4.69 sent_len=6.29 agree=83.35% advantage=0.41 time=0.042s comb_rew=11.00 alice_rew=5.67 alice_sel=79.33% alice_unique=1755 bob_rew=5.33 bob_sel=20.67% bob_unique=2381 full_match=0.79
4400: dialog_len=4.70 sent_len=6.28 agree=83.43% advantage=0.45 time=0.042s comb_rew=11.00 alice_rew=5.69 alice_sel=79.39% alice_unique=1778 bob_rew=5.31 bob_sel=20.61% bob_unique=2430 full_match=0.79
2018-09-02 17:32:27,674 : INFO : reinforce.py : 4400: dialog_len=4.70 sent_len=6.28 agree=83.43% advantage=0.45 time=0.042s comb_rew=11.00 alice_rew=5.69 alice_sel=79.39% alice_unique=1778 bob_rew=5.31 bob_sel=20.61% bob_unique=2430 full_match=0.79
4500: dialog_len=4.71 sent_len=6.29 agree=83.49% advantage=0.47 time=0.042s comb_rew=11.00 alice_rew=5.69 alice_sel=79.51% alice_unique=1795 bob_rew=5.31 bob_sel=20.49% bob_unique=2492 full_match=0.79
2018-09-02 17:32:32,976 : INFO : reinforce.py : 4500: dialog_len=4.71 sent_len=6.29 agree=83.49% advantage=0.47 time=0.042s comb_rew=11.00 alice_rew=5.69 alice_sel=79.51% alice_unique=1795 bob_rew=5.31 bob_sel=20.49% bob_unique=2492 full_match=0.79
4600: dialog_len=4.72 sent_len=6.29 agree=83.48% advantage=0.49 time=0.042s comb_rew=10.99 alice_rew=5.70 alice_sel=79.48% alice_unique=1824 bob_rew=5.29 bob_sel=20.52% bob_unique=2532 full_match=0.79
2018-09-02 17:32:37,948 : INFO : reinforce.py : 4600: dialog_len=4.72 sent_len=6.29 agree=83.48% advantage=0.49 time=0.042s comb_rew=10.99 alice_rew=5.70 alice_sel=79.48% alice_unique=1824 bob_rew=5.29 bob_sel=20.52% bob_unique=2532 full_match=0.79
4700: dialog_len=4.73 sent_len=6.28 agree=83.55% advantage=0.51 time=0.042s comb_rew=11.00 alice_rew=5.71 alice_sel=79.51% alice_unique=1835 bob_rew=5.28 bob_sel=20.49% bob_unique=2579 full_match=0.80
2018-09-02 17:32:42,803 : INFO : reinforce.py : 4700: dialog_len=4.73 sent_len=6.28 agree=83.55% advantage=0.51 time=0.042s comb_rew=11.00 alice_rew=5.71 alice_sel=79.51% alice_unique=1835 bob_rew=5.28 bob_sel=20.49% bob_unique=2579 full_match=0.80
4800: dialog_len=4.74 sent_len=6.29 agree=83.67% advantage=0.56 time=0.042s comb_rew=11.00 alice_rew=5.73 alice_sel=79.65% alice_unique=1841 bob_rew=5.26 bob_sel=20.35% bob_unique=2635 full_match=0.80
2018-09-02 17:32:49,384 : INFO : reinforce.py : 4800: dialog_len=4.74 sent_len=6.29 agree=83.67% advantage=0.56 time=0.042s comb_rew=11.00 alice_rew=5.73 alice_sel=79.65% alice_unique=1841 bob_rew=5.26 bob_sel=20.35% bob_unique=2635 full_match=0.80
4900: dialog_len=4.76 sent_len=6.30 agree=83.82% advantage=0.60 time=0.043s comb_rew=11.00 alice_rew=5.75 alice_sel=79.82% alice_unique=1853 bob_rew=5.25 bob_sel=20.18% bob_unique=2686 full_match=0.80
2018-09-02 17:32:56,581 : INFO : reinforce.py : 4900: dialog_len=4.76 sent_len=6.30 agree=83.82% advantage=0.60 time=0.043s comb_rew=11.00 alice_rew=5.75 alice_sel=79.82% alice_unique=1853 bob_rew=5.25 bob_sel=20.18% bob_unique=2686 full_match=0.80
5000: dialog_len=4.77 sent_len=6.29 agree=83.84% advantage=0.64 time=0.043s comb_rew=11.00 alice_rew=5.77 alice_sel=79.88% alice_unique=1867 bob_rew=5.24 bob_sel=20.12% bob_unique=2741 full_match=0.80
2018-09-02 17:33:02,210 : INFO : reinforce.py : 5000: dialog_len=4.77 sent_len=6.29 agree=83.84% advantage=0.64 time=0.043s comb_rew=11.00 alice_rew=5.77 alice_sel=79.88% alice_unique=1867 bob_rew=5.24 bob_sel=20.12% bob_unique=2741 full_match=0.80
5100: dialog_len=4.78 sent_len=6.29 agree=84.00% advantage=0.67 time=0.043s comb_rew=11.02 alice_rew=5.79 alice_sel=80.18% alice_unique=1878 bob_rew=5.23 bob_sel=19.82% bob_unique=2793 full_match=0.80
2018-09-02 17:33:07,674 : INFO : reinforce.py : 5100: dialog_len=4.78 sent_len=6.29 agree=84.00% advantage=0.67 time=0.043s comb_rew=11.02 alice_rew=5.79 alice_sel=80.18% alice_unique=1878 bob_rew=5.23 bob_sel=19.82% bob_unique=2793 full_match=0.80
5200: dialog_len=4.80 sent_len=6.29 agree=84.10% advantage=0.70 time=0.043s comb_rew=11.03 alice_rew=5.81 alice_sel=80.38% alice_unique=1884 bob_rew=5.22 bob_sel=19.62% bob_unique=2841 full_match=0.80
2018-09-02 17:33:12,325 : INFO : reinforce.py : 5200: dialog_len=4.80 sent_len=6.29 agree=84.10% advantage=0.70 time=0.043s comb_rew=11.03 alice_rew=5.81 alice_sel=80.38% alice_unique=1884 bob_rew=5.22 bob_sel=19.62% bob_unique=2841 full_match=0.80
5300: dialog_len=4.83 sent_len=6.30 agree=83.98% advantage=0.73 time=0.044s comb_rew=11.02 alice_rew=5.81 alice_sel=80.68% alice_unique=1904 bob_rew=5.20 bob_sel=19.32% bob_unique=2912 full_match=0.80
2018-09-02 17:33:19,069 : INFO : reinforce.py : 5300: dialog_len=4.83 sent_len=6.30 agree=83.98% advantage=0.73 time=0.044s comb_rew=11.02 alice_rew=5.81 alice_sel=80.68% alice_unique=1904 bob_rew=5.20 bob_sel=19.32% bob_unique=2912 full_match=0.80
5400: dialog_len=4.84 sent_len=6.30 agree=83.96% advantage=0.75 time=0.044s comb_rew=11.02 alice_rew=5.82 alice_sel=80.89% alice_unique=1941 bob_rew=5.19 bob_sel=19.11% bob_unique=2963 full_match=0.80
2018-09-02 17:33:25,795 : INFO : reinforce.py : 5400: dialog_len=4.84 sent_len=6.30 agree=83.96% advantage=0.75 time=0.044s comb_rew=11.02 alice_rew=5.82 alice_sel=80.89% alice_unique=1941 bob_rew=5.19 bob_sel=19.11% bob_unique=2963 full_match=0.80
5500: dialog_len=4.84 sent_len=6.30 agree=84.00% advantage=0.75 time=0.044s comb_rew=11.03 alice_rew=5.83 alice_sel=80.73% alice_unique=1975 bob_rew=5.20 bob_sel=19.27% bob_unique=3013 full_match=0.80
2018-09-02 17:33:30,651 : INFO : reinforce.py : 5500: dialog_len=4.84 sent_len=6.30 agree=84.00% advantage=0.75 time=0.044s comb_rew=11.03 alice_rew=5.83 alice_sel=80.73% alice_unique=1975 bob_rew=5.20 bob_sel=19.27% bob_unique=3013 full_match=0.80
5600: dialog_len=4.87 sent_len=6.31 agree=83.93% advantage=0.77 time=0.044s comb_rew=11.02 alice_rew=5.83 alice_sel=80.84% alice_unique=1987 bob_rew=5.18 bob_sel=19.16% bob_unique=3086 full_match=0.80
2018-09-02 17:33:37,389 : INFO : reinforce.py : 5600: dialog_len=4.87 sent_len=6.31 agree=83.93% advantage=0.77 time=0.044s comb_rew=11.02 alice_rew=5.83 alice_sel=80.84% alice_unique=1987 bob_rew=5.18 bob_sel=19.16% bob_unique=3086 full_match=0.80
5700: dialog_len=4.89 sent_len=6.31 agree=84.11% advantage=0.80 time=0.044s comb_rew=11.04 alice_rew=5.86 alice_sel=80.98% alice_unique=1994 bob_rew=5.18 bob_sel=19.02% bob_unique=3148 full_match=0.80
2018-09-02 17:33:43,429 : INFO : reinforce.py : 5700: dialog_len=4.89 sent_len=6.31 agree=84.11% advantage=0.80 time=0.044s comb_rew=11.04 alice_rew=5.86 alice_sel=80.98% alice_unique=1994 bob_rew=5.18 bob_sel=19.02% bob_unique=3148 full_match=0.80
5800: dialog_len=4.90 sent_len=6.31 agree=84.28% advantage=0.83 time=0.045s comb_rew=11.06 alice_rew=5.88 alice_sel=81.10% alice_unique=2003 bob_rew=5.18 bob_sel=18.90% bob_unique=3210 full_match=0.80
2018-09-02 17:33:50,147 : INFO : reinforce.py : 5800: dialog_len=4.90 sent_len=6.31 agree=84.28% advantage=0.83 time=0.045s comb_rew=11.06 alice_rew=5.88 alice_sel=81.10% alice_unique=2003 bob_rew=5.18 bob_sel=18.90% bob_unique=3210 full_match=0.80
5900: dialog_len=4.92 sent_len=6.32 agree=84.32% advantage=0.86 time=0.045s comb_rew=11.07 alice_rew=5.90 alice_sel=81.39% alice_unique=2016 bob_rew=5.17 bob_sel=18.61% bob_unique=3273 full_match=0.80
2018-09-02 17:33:56,658 : INFO : reinforce.py : 5900: dialog_len=4.92 sent_len=6.32 agree=84.32% advantage=0.86 time=0.045s comb_rew=11.07 alice_rew=5.90 alice_sel=81.39% alice_unique=2016 bob_rew=5.17 bob_sel=18.61% bob_unique=3273 full_match=0.80
6000: dialog_len=4.92 sent_len=6.32 agree=84.20% advantage=0.87 time=0.045s comb_rew=11.05 alice_rew=5.89 alice_sel=81.52% alice_unique=2061 bob_rew=5.16 bob_sel=18.48% bob_unique=3316 full_match=0.80
2018-09-02 17:34:01,703 : INFO : reinforce.py : 6000: dialog_len=4.92 sent_len=6.32 agree=84.20% advantage=0.87 time=0.045s comb_rew=11.05 alice_rew=5.89 alice_sel=81.52% alice_unique=2061 bob_rew=5.16 bob_sel=18.48% bob_unique=3316 full_match=0.80
6100: dialog_len=4.93 sent_len=6.32 agree=84.31% advantage=0.90 time=0.045s comb_rew=11.06 alice_rew=5.91 alice_sel=81.64% alice_unique=2081 bob_rew=5.15 bob_sel=18.36% bob_unique=3384 full_match=0.80
2018-09-02 17:34:07,726 : INFO : reinforce.py : 6100: dialog_len=4.93 sent_len=6.32 agree=84.31% advantage=0.90 time=0.045s comb_rew=11.06 alice_rew=5.91 alice_sel=81.64% alice_unique=2081 bob_rew=5.15 bob_sel=18.36% bob_unique=3384 full_match=0.80
6200: dialog_len=4.94 sent_len=6.32 agree=84.42% advantage=0.93 time=0.045s comb_rew=11.07 alice_rew=5.93 alice_sel=81.82% alice_unique=2091 bob_rew=5.14 bob_sel=18.18% bob_unique=3436 full_match=0.80
2018-09-02 17:34:12,830 : INFO : reinforce.py : 6200: dialog_len=4.94 sent_len=6.32 agree=84.42% advantage=0.93 time=0.045s comb_rew=11.07 alice_rew=5.93 alice_sel=81.82% alice_unique=2091 bob_rew=5.14 bob_sel=18.18% bob_unique=3436 full_match=0.80
6300: dialog_len=4.94 sent_len=6.32 agree=84.52% advantage=0.95 time=0.045s comb_rew=11.08 alice_rew=5.94 alice_sel=81.89% alice_unique=2098 bob_rew=5.14 bob_sel=18.11% bob_unique=3483 full_match=0.80
2018-09-02 17:34:17,474 : INFO : reinforce.py : 6300: dialog_len=4.94 sent_len=6.32 agree=84.52% advantage=0.95 time=0.045s comb_rew=11.08 alice_rew=5.94 alice_sel=81.89% alice_unique=2098 bob_rew=5.14 bob_sel=18.11% bob_unique=3483 full_match=0.80
6400: dialog_len=4.95 sent_len=6.31 agree=84.58% advantage=0.96 time=0.045s comb_rew=11.09 alice_rew=5.95 alice_sel=82.00% alice_unique=2117 bob_rew=5.14 bob_sel=18.00% bob_unique=3528 full_match=0.80
2018-09-02 17:34:22,301 : INFO : reinforce.py : 6400: dialog_len=4.95 sent_len=6.31 agree=84.58% advantage=0.96 time=0.045s comb_rew=11.09 alice_rew=5.95 alice_sel=82.00% alice_unique=2117 bob_rew=5.14 bob_sel=18.00% bob_unique=3528 full_match=0.80
6500: dialog_len=4.95 sent_len=6.31 agree=84.72% advantage=0.96 time=0.045s comb_rew=11.11 alice_rew=5.96 alice_sel=82.05% alice_unique=2134 bob_rew=5.15 bob_sel=17.95% bob_unique=3567 full_match=0.80
2018-09-02 17:34:27,389 : INFO : reinforce.py : 6500: dialog_len=4.95 sent_len=6.31 agree=84.72% advantage=0.96 time=0.045s comb_rew=11.11 alice_rew=5.96 alice_sel=82.05% alice_unique=2134 bob_rew=5.15 bob_sel=17.95% bob_unique=3567 full_match=0.80
6600: dialog_len=4.96 sent_len=6.31 agree=84.70% advantage=0.98 time=0.045s comb_rew=11.10 alice_rew=5.97 alice_sel=82.15% alice_unique=2158 bob_rew=5.14 bob_sel=17.85% bob_unique=3612 full_match=0.80
2018-09-02 17:34:33,974 : INFO : reinforce.py : 6600: dialog_len=4.96 sent_len=6.31 agree=84.70% advantage=0.98 time=0.045s comb_rew=11.10 alice_rew=5.97 alice_sel=82.15% alice_unique=2158 bob_rew=5.14 bob_sel=17.85% bob_unique=3612 full_match=0.80
6700: dialog_len=4.97 sent_len=6.32 agree=84.72% advantage=1.01 time=0.046s comb_rew=11.10 alice_rew=5.98 alice_sel=82.21% alice_unique=2172 bob_rew=5.12 bob_sel=17.79% bob_unique=3672 full_match=0.80
2018-09-02 17:34:41,064 : INFO : reinforce.py : 6700: dialog_len=4.97 sent_len=6.32 agree=84.72% advantage=1.01 time=0.046s comb_rew=11.10 alice_rew=5.98 alice_sel=82.21% alice_unique=2172 bob_rew=5.12 bob_sel=17.79% bob_unique=3672 full_match=0.80
6800: dialog_len=4.99 sent_len=6.32 agree=84.72% advantage=1.04 time=0.046s comb_rew=11.10 alice_rew=5.99 alice_sel=82.31% alice_unique=2184 bob_rew=5.11 bob_sel=17.69% bob_unique=3736 full_match=0.80
2018-09-02 17:34:48,349 : INFO : reinforce.py : 6800: dialog_len=4.99 sent_len=6.32 agree=84.72% advantage=1.04 time=0.046s comb_rew=11.10 alice_rew=5.99 alice_sel=82.31% alice_unique=2184 bob_rew=5.11 bob_sel=17.69% bob_unique=3736 full_match=0.80
6900: dialog_len=5.00 sent_len=6.33 agree=84.72% advantage=1.06 time=0.046s comb_rew=11.10 alice_rew=6.00 alice_sel=82.38% alice_unique=2199 bob_rew=5.10 bob_sel=17.62% bob_unique=3795 full_match=0.80
2018-09-02 17:34:56,108 : INFO : reinforce.py : 6900: dialog_len=5.00 sent_len=6.33 agree=84.72% advantage=1.06 time=0.046s comb_rew=11.10 alice_rew=6.00 alice_sel=82.38% alice_unique=2199 bob_rew=5.10 bob_sel=17.62% bob_unique=3795 full_match=0.80
7000: dialog_len=5.01 sent_len=6.33 agree=84.77% advantage=1.09 time=0.047s comb_rew=11.10 alice_rew=6.01 alice_sel=82.56% alice_unique=2209 bob_rew=5.09 bob_sel=17.44% bob_unique=3853 full_match=0.80
2018-09-02 17:35:03,040 : INFO : reinforce.py : 7000: dialog_len=5.01 sent_len=6.33 agree=84.77% advantage=1.09 time=0.047s comb_rew=11.10 alice_rew=6.01 alice_sel=82.56% alice_unique=2209 bob_rew=5.09 bob_sel=17.44% bob_unique=3853 full_match=0.80
7100: dialog_len=5.02 sent_len=6.34 agree=84.86% advantage=1.12 time=0.047s comb_rew=11.11 alice_rew=6.03 alice_sel=82.65% alice_unique=2219 bob_rew=5.08 bob_sel=17.35% bob_unique=3923 full_match=0.80
2018-09-02 17:35:09,515 : INFO : reinforce.py : 7100: dialog_len=5.02 sent_len=6.34 agree=84.86% advantage=1.12 time=0.047s comb_rew=11.11 alice_rew=6.03 alice_sel=82.65% alice_unique=2219 bob_rew=5.08 bob_sel=17.35% bob_unique=3923 full_match=0.80
7200: dialog_len=5.05 sent_len=6.35 agree=84.93% advantage=1.15 time=0.047s comb_rew=11.12 alice_rew=6.05 alice_sel=82.69% alice_unique=2236 bob_rew=5.07 bob_sel=17.31% bob_unique=4011 full_match=0.80
2018-09-02 17:35:15,317 : INFO : reinforce.py : 7200: dialog_len=5.05 sent_len=6.35 agree=84.93% advantage=1.15 time=0.047s comb_rew=11.12 alice_rew=6.05 alice_sel=82.69% alice_unique=2236 bob_rew=5.07 bob_sel=17.31% bob_unique=4011 full_match=0.80
7300: dialog_len=5.07 sent_len=6.37 agree=84.92% advantage=1.15 time=0.047s comb_rew=11.12 alice_rew=6.05 alice_sel=82.74% alice_unique=2300 bob_rew=5.07 bob_sel=17.26% bob_unique=4076 full_match=0.80
2018-09-02 17:35:22,947 : INFO : reinforce.py : 7300: dialog_len=5.07 sent_len=6.37 agree=84.92% advantage=1.15 time=0.047s comb_rew=11.12 alice_rew=6.05 alice_sel=82.74% alice_unique=2300 bob_rew=5.07 bob_sel=17.26% bob_unique=4076 full_match=0.80
7400: dialog_len=5.10 sent_len=6.38 agree=84.86% advantage=1.15 time=0.048s comb_rew=11.11 alice_rew=6.05 alice_sel=82.73% alice_unique=2328 bob_rew=5.07 bob_sel=17.27% bob_unique=4149 full_match=0.80
2018-09-02 17:35:30,303 : INFO : reinforce.py : 7400: dialog_len=5.10 sent_len=6.38 agree=84.86% advantage=1.15 time=0.048s comb_rew=11.11 alice_rew=6.05 alice_sel=82.73% alice_unique=2328 bob_rew=5.07 bob_sel=17.27% bob_unique=4149 full_match=0.80
7500: dialog_len=5.13 sent_len=6.39 agree=84.83% advantage=1.19 time=0.048s comb_rew=11.10 alice_rew=6.06 alice_sel=82.79% alice_unique=2341 bob_rew=5.05 bob_sel=17.21% bob_unique=4233 full_match=0.80
2018-09-02 17:35:38,010 : INFO : reinforce.py : 7500: dialog_len=5.13 sent_len=6.39 agree=84.83% advantage=1.19 time=0.048s comb_rew=11.10 alice_rew=6.06 alice_sel=82.79% alice_unique=2341 bob_rew=5.05 bob_sel=17.21% bob_unique=4233 full_match=0.80
7600: dialog_len=5.16 sent_len=6.40 agree=84.82% advantage=1.22 time=0.048s comb_rew=11.09 alice_rew=6.07 alice_sel=82.86% alice_unique=2357 bob_rew=5.03 bob_sel=17.14% bob_unique=4329 full_match=0.80
2018-09-02 17:35:46,049 : INFO : reinforce.py : 7600: dialog_len=5.16 sent_len=6.40 agree=84.82% advantage=1.22 time=0.048s comb_rew=11.09 alice_rew=6.07 alice_sel=82.86% alice_unique=2357 bob_rew=5.03 bob_sel=17.14% bob_unique=4329 full_match=0.80
7700: dialog_len=5.17 sent_len=6.41 agree=84.82% advantage=1.25 time=0.049s comb_rew=11.10 alice_rew=6.08 alice_sel=82.83% alice_unique=2436 bob_rew=5.02 bob_sel=17.17% bob_unique=4367 full_match=0.79
2018-09-02 17:35:54,858 : INFO : reinforce.py : 7700: dialog_len=5.17 sent_len=6.41 agree=84.82% advantage=1.25 time=0.049s comb_rew=11.10 alice_rew=6.08 alice_sel=82.83% alice_unique=2436 bob_rew=5.02 bob_sel=17.17% bob_unique=4367 full_match=0.79
7800: dialog_len=5.16 sent_len=6.41 agree=84.76% advantage=1.27 time=0.049s comb_rew=11.09 alice_rew=6.08 alice_sel=82.90% alice_unique=2487 bob_rew=5.01 bob_sel=17.10% bob_unique=4391 full_match=0.79
2018-09-02 17:36:00,738 : INFO : reinforce.py : 7800: dialog_len=5.16 sent_len=6.41 agree=84.76% advantage=1.27 time=0.049s comb_rew=11.09 alice_rew=6.08 alice_sel=82.90% alice_unique=2487 bob_rew=5.01 bob_sel=17.10% bob_unique=4391 full_match=0.79
7900: dialog_len=5.16 sent_len=6.40 agree=84.76% advantage=1.30 time=0.049s comb_rew=11.10 alice_rew=6.10 alice_sel=82.89% alice_unique=2496 bob_rew=5.00 bob_sel=17.11% bob_unique=4416 full_match=0.79
2018-09-02 17:36:05,332 : INFO : reinforce.py : 7900: dialog_len=5.16 sent_len=6.40 agree=84.76% advantage=1.30 time=0.049s comb_rew=11.10 alice_rew=6.10 alice_sel=82.89% alice_unique=2496 bob_rew=5.00 bob_sel=17.11% bob_unique=4416 full_match=0.79
8000: dialog_len=5.15 sent_len=6.39 agree=84.72% advantage=1.33 time=0.049s comb_rew=11.09 alice_rew=6.11 alice_sel=82.83% alice_unique=2511 bob_rew=4.98 bob_sel=17.18% bob_unique=4440 full_match=0.79
2018-09-02 17:36:09,926 : INFO : reinforce.py : 8000: dialog_len=5.15 sent_len=6.39 agree=84.72% advantage=1.33 time=0.049s comb_rew=11.09 alice_rew=6.11 alice_sel=82.83% alice_unique=2511 bob_rew=4.98 bob_sel=17.18% bob_unique=4440 full_match=0.79
8100: dialog_len=5.14 sent_len=6.39 agree=84.80% advantage=1.36 time=0.048s comb_rew=11.10 alice_rew=6.13 alice_sel=82.75% alice_unique=2530 bob_rew=4.97 bob_sel=17.25% bob_unique=4464 full_match=0.79
2018-09-02 17:36:15,037 : INFO : reinforce.py : 8100: dialog_len=5.14 sent_len=6.39 agree=84.80% advantage=1.36 time=0.048s comb_rew=11.10 alice_rew=6.13 alice_sel=82.75% alice_unique=2530 bob_rew=4.97 bob_sel=17.25% bob_unique=4464 full_match=0.79
8200: dialog_len=5.14 sent_len=6.39 agree=84.77% advantage=1.39 time=0.049s comb_rew=11.10 alice_rew=6.14 alice_sel=82.65% alice_unique=2547 bob_rew=4.96 bob_sel=17.35% bob_unique=4504 full_match=0.79
2018-09-02 17:36:20,889 : INFO : reinforce.py : 8200: dialog_len=5.14 sent_len=6.39 agree=84.77% advantage=1.39 time=0.049s comb_rew=11.10 alice_rew=6.14 alice_sel=82.65% alice_unique=2547 bob_rew=4.96 bob_sel=17.35% bob_unique=4504 full_match=0.79
8300: dialog_len=5.14 sent_len=6.38 agree=84.73% advantage=1.42 time=0.049s comb_rew=11.10 alice_rew=6.15 alice_sel=82.53% alice_unique=2567 bob_rew=4.95 bob_sel=17.47% bob_unique=4525 full_match=0.79
2018-09-02 17:36:26,013 : INFO : reinforce.py : 8300: dialog_len=5.14 sent_len=6.38 agree=84.73% advantage=1.42 time=0.049s comb_rew=11.10 alice_rew=6.15 alice_sel=82.53% alice_unique=2567 bob_rew=4.95 bob_sel=17.47% bob_unique=4525 full_match=0.79
8400: dialog_len=5.13 sent_len=6.38 agree=84.74% advantage=1.45 time=0.048s comb_rew=11.10 alice_rew=6.17 alice_sel=82.43% alice_unique=2569 bob_rew=4.94 bob_sel=17.57% bob_unique=4549 full_match=0.79
2018-09-02 17:36:30,634 : INFO : reinforce.py : 8400: dialog_len=5.13 sent_len=6.38 agree=84.74% advantage=1.45 time=0.048s comb_rew=11.10 alice_rew=6.17 alice_sel=82.43% alice_unique=2569 bob_rew=4.94 bob_sel=17.57% bob_unique=4549 full_match=0.79
8500: dialog_len=5.12 sent_len=6.38 agree=84.78% advantage=1.49 time=0.048s comb_rew=11.10 alice_rew=6.18 alice_sel=82.45% alice_unique=2573 bob_rew=4.92 bob_sel=17.55% bob_unique=4580 full_match=0.79
2018-09-02 17:36:35,267 : INFO : reinforce.py : 8500: dialog_len=5.12 sent_len=6.38 agree=84.78% advantage=1.49 time=0.048s comb_rew=11.10 alice_rew=6.18 alice_sel=82.45% alice_unique=2573 bob_rew=4.92 bob_sel=17.55% bob_unique=4580 full_match=0.79
8600: dialog_len=5.12 sent_len=6.38 agree=84.70% advantage=1.51 time=0.048s comb_rew=11.10 alice_rew=6.19 alice_sel=82.41% alice_unique=2593 bob_rew=4.91 bob_sel=17.59% bob_unique=4615 full_match=0.79
2018-09-02 17:36:40,769 : INFO : reinforce.py : 8600: dialog_len=5.12 sent_len=6.38 agree=84.70% advantage=1.51 time=0.048s comb_rew=11.10 alice_rew=6.19 alice_sel=82.41% alice_unique=2593 bob_rew=4.91 bob_sel=17.59% bob_unique=4615 full_match=0.79
8700: dialog_len=5.12 sent_len=6.38 agree=84.61% advantage=1.54 time=0.048s comb_rew=11.09 alice_rew=6.19 alice_sel=82.39% alice_unique=2612 bob_rew=4.89 bob_sel=17.61% bob_unique=4649 full_match=0.79
2018-09-02 17:36:45,795 : INFO : reinforce.py : 8700: dialog_len=5.12 sent_len=6.38 agree=84.61% advantage=1.54 time=0.048s comb_rew=11.09 alice_rew=6.19 alice_sel=82.39% alice_unique=2612 bob_rew=4.89 bob_sel=17.61% bob_unique=4649 full_match=0.79
8800: dialog_len=5.12 sent_len=6.38 agree=84.67% advantage=1.57 time=0.048s comb_rew=11.10 alice_rew=6.21 alice_sel=82.35% alice_unique=2629 bob_rew=4.89 bob_sel=17.65% bob_unique=4683 full_match=0.79
2018-09-02 17:36:50,845 : INFO : reinforce.py : 8800: dialog_len=5.12 sent_len=6.38 agree=84.67% advantage=1.57 time=0.048s comb_rew=11.10 alice_rew=6.21 alice_sel=82.35% alice_unique=2629 bob_rew=4.89 bob_sel=17.65% bob_unique=4683 full_match=0.79
8900: dialog_len=5.11 sent_len=6.38 agree=84.65% advantage=1.60 time=0.048s comb_rew=11.10 alice_rew=6.22 alice_sel=82.28% alice_unique=2639 bob_rew=4.87 bob_sel=17.72% bob_unique=4703 full_match=0.79
2018-09-02 17:36:55,049 : INFO : reinforce.py : 8900: dialog_len=5.11 sent_len=6.38 agree=84.65% advantage=1.60 time=0.048s comb_rew=11.10 alice_rew=6.22 alice_sel=82.28% alice_unique=2639 bob_rew=4.87 bob_sel=17.72% bob_unique=4703 full_match=0.79
9000: dialog_len=5.10 sent_len=6.38 agree=84.69% advantage=1.63 time=0.048s comb_rew=11.11 alice_rew=6.24 alice_sel=82.28% alice_unique=2650 bob_rew=4.86 bob_sel=17.72% bob_unique=4730 full_match=0.79
2018-09-02 17:36:59,795 : INFO : reinforce.py : 9000: dialog_len=5.10 sent_len=6.38 agree=84.69% advantage=1.63 time=0.048s comb_rew=11.11 alice_rew=6.24 alice_sel=82.28% alice_unique=2650 bob_rew=4.86 bob_sel=17.72% bob_unique=4730 full_match=0.79
9100: dialog_len=5.10 sent_len=6.37 agree=84.67% advantage=1.66 time=0.048s comb_rew=11.11 alice_rew=6.25 alice_sel=82.33% alice_unique=2666 bob_rew=4.85 bob_sel=17.67% bob_unique=4751 full_match=0.79
2018-09-02 17:37:04,479 : INFO : reinforce.py : 9100: dialog_len=5.10 sent_len=6.37 agree=84.67% advantage=1.66 time=0.048s comb_rew=11.11 alice_rew=6.25 alice_sel=82.33% alice_unique=2666 bob_rew=4.85 bob_sel=17.67% bob_unique=4751 full_match=0.79
9200: dialog_len=5.10 sent_len=6.37 agree=84.63% advantage=1.68 time=0.048s comb_rew=11.10 alice_rew=6.26 alice_sel=82.29% alice_unique=2690 bob_rew=4.84 bob_sel=17.71% bob_unique=4789 full_match=0.79
2018-09-02 17:37:09,583 : INFO : reinforce.py : 9200: dialog_len=5.10 sent_len=6.37 agree=84.63% advantage=1.68 time=0.048s comb_rew=11.10 alice_rew=6.26 alice_sel=82.29% alice_unique=2690 bob_rew=4.84 bob_sel=17.71% bob_unique=4789 full_match=0.79
9300: dialog_len=5.09 sent_len=6.37 agree=84.49% advantage=1.69 time=0.048s comb_rew=11.09 alice_rew=6.26 alice_sel=82.24% alice_unique=2720 bob_rew=4.83 bob_sel=17.76% bob_unique=4817 full_match=0.79
2018-09-02 17:37:14,884 : INFO : reinforce.py : 9300: dialog_len=5.09 sent_len=6.37 agree=84.49% advantage=1.69 time=0.048s comb_rew=11.09 alice_rew=6.26 alice_sel=82.24% alice_unique=2720 bob_rew=4.83 bob_sel=17.76% bob_unique=4817 full_match=0.79
9400: dialog_len=5.10 sent_len=6.37 agree=84.46% advantage=1.70 time=0.048s comb_rew=11.09 alice_rew=6.26 alice_sel=82.18% alice_unique=2734 bob_rew=4.83 bob_sel=17.82% bob_unique=4868 full_match=0.79
2018-09-02 17:37:21,278 : INFO : reinforce.py : 9400: dialog_len=5.10 sent_len=6.37 agree=84.46% advantage=1.70 time=0.048s comb_rew=11.09 alice_rew=6.26 alice_sel=82.18% alice_unique=2734 bob_rew=4.83 bob_sel=17.82% bob_unique=4868 full_match=0.79
9500: dialog_len=5.13 sent_len=6.38 agree=84.39% advantage=1.72 time=0.048s comb_rew=11.08 alice_rew=6.27 alice_sel=82.25% alice_unique=2784 bob_rew=4.81 bob_sel=17.75% bob_unique=4933 full_match=0.79
2018-09-02 17:37:28,286 : INFO : reinforce.py : 9500: dialog_len=5.13 sent_len=6.38 agree=84.39% advantage=1.72 time=0.048s comb_rew=11.08 alice_rew=6.27 alice_sel=82.25% alice_unique=2784 bob_rew=4.81 bob_sel=17.75% bob_unique=4933 full_match=0.79
9600: dialog_len=5.15 sent_len=6.39 agree=84.28% advantage=1.73 time=0.049s comb_rew=11.07 alice_rew=6.26 alice_sel=82.25% alice_unique=2829 bob_rew=4.81 bob_sel=17.75% bob_unique=5007 full_match=0.79
2018-09-02 17:37:35,675 : INFO : reinforce.py : 9600: dialog_len=5.15 sent_len=6.39 agree=84.28% advantage=1.73 time=0.049s comb_rew=11.07 alice_rew=6.26 alice_sel=82.25% alice_unique=2829 bob_rew=4.81 bob_sel=17.75% bob_unique=5007 full_match=0.79
9700: dialog_len=5.17 sent_len=6.41 agree=84.28% advantage=1.74 time=0.049s comb_rew=11.07 alice_rew=6.27 alice_sel=82.28% alice_unique=2847 bob_rew=4.80 bob_sel=17.72% bob_unique=5084 full_match=0.79
2018-09-02 17:37:44,507 : INFO : reinforce.py : 9700: dialog_len=5.17 sent_len=6.41 agree=84.28% advantage=1.74 time=0.049s comb_rew=11.07 alice_rew=6.27 alice_sel=82.28% alice_unique=2847 bob_rew=4.80 bob_sel=17.72% bob_unique=5084 full_match=0.79
9800: dialog_len=5.18 sent_len=6.41 agree=84.23% advantage=1.75 time=0.049s comb_rew=11.06 alice_rew=6.27 alice_sel=82.16% alice_unique=2858 bob_rew=4.79 bob_sel=17.84% bob_unique=5141 full_match=0.79
2018-09-02 17:37:51,670 : INFO : reinforce.py : 9800: dialog_len=5.18 sent_len=6.41 agree=84.23% advantage=1.75 time=0.049s comb_rew=11.06 alice_rew=6.27 alice_sel=82.16% alice_unique=2858 bob_rew=4.79 bob_sel=17.84% bob_unique=5141 full_match=0.79
9900: dialog_len=5.22 sent_len=6.43 agree=84.16% advantage=1.77 time=0.049s comb_rew=11.06 alice_rew=6.27 alice_sel=82.20% alice_unique=2873 bob_rew=4.78 bob_sel=17.80% bob_unique=5247 full_match=0.79
2018-09-02 17:38:01,051 : INFO : reinforce.py : 9900: dialog_len=5.22 sent_len=6.43 agree=84.16% advantage=1.77 time=0.049s comb_rew=11.06 alice_rew=6.27 alice_sel=82.20% alice_unique=2873 bob_rew=4.78 bob_sel=17.80% bob_unique=5247 full_match=0.79
10000: dialog_len=5.25 sent_len=6.45 agree=84.16% advantage=1.78 time=0.050s comb_rew=11.06 alice_rew=6.28 alice_sel=82.25% alice_unique=2883 bob_rew=4.78 bob_sel=17.75% bob_unique=5360 full_match=0.79
2018-09-02 17:38:10,009 : INFO : reinforce.py : 10000: dialog_len=5.25 sent_len=6.45 agree=84.16% advantage=1.78 time=0.050s comb_rew=11.06 alice_rew=6.28 alice_sel=82.25% alice_unique=2883 bob_rew=4.78 bob_sel=17.75% bob_unique=5360 full_match=0.79
10100: dialog_len=5.29 sent_len=6.48 agree=84.14% advantage=1.80 time=0.050s comb_rew=11.06 alice_rew=6.29 alice_sel=82.36% alice_unique=2889 bob_rew=4.77 bob_sel=17.64% bob_unique=5491 full_match=0.79
2018-09-02 17:38:18,983 : INFO : reinforce.py : 10100: dialog_len=5.29 sent_len=6.48 agree=84.14% advantage=1.80 time=0.050s comb_rew=11.06 alice_rew=6.29 alice_sel=82.36% alice_unique=2889 bob_rew=4.77 bob_sel=17.64% bob_unique=5491 full_match=0.79
10200: dialog_len=5.32 sent_len=6.50 agree=84.13% advantage=1.82 time=0.051s comb_rew=11.06 alice_rew=6.30 alice_sel=82.41% alice_unique=2940 bob_rew=4.76 bob_sel=17.59% bob_unique=5580 full_match=0.79
2018-09-02 17:38:29,512 : INFO : reinforce.py : 10200: dialog_len=5.32 sent_len=6.50 agree=84.13% advantage=1.82 time=0.051s comb_rew=11.06 alice_rew=6.30 alice_sel=82.41% alice_unique=2940 bob_rew=4.76 bob_sel=17.59% bob_unique=5580 full_match=0.79
10300: dialog_len=5.34 sent_len=6.51 agree=84.19% advantage=1.85 time=0.051s comb_rew=11.07 alice_rew=6.31 alice_sel=82.48% alice_unique=2954 bob_rew=4.76 bob_sel=17.52% bob_unique=5667 full_match=0.79
2018-09-02 17:38:38,616 : INFO : reinforce.py : 10300: dialog_len=5.34 sent_len=6.51 agree=84.19% advantage=1.85 time=0.051s comb_rew=11.07 alice_rew=6.31 alice_sel=82.48% alice_unique=2954 bob_rew=4.76 bob_sel=17.52% bob_unique=5667 full_match=0.79
10400: dialog_len=5.36 sent_len=6.52 agree=84.19% advantage=1.87 time=0.051s comb_rew=11.07 alice_rew=6.32 alice_sel=82.44% alice_unique=2972 bob_rew=4.75 bob_sel=17.56% bob_unique=5745 full_match=0.79
2018-09-02 17:38:46,505 : INFO : reinforce.py : 10400: dialog_len=5.36 sent_len=6.52 agree=84.19% advantage=1.87 time=0.051s comb_rew=11.07 alice_rew=6.32 alice_sel=82.44% alice_unique=2972 bob_rew=4.75 bob_sel=17.56% bob_unique=5745 full_match=0.79
10500: dialog_len=5.35 sent_len=6.51 agree=84.23% advantage=1.89 time=0.051s comb_rew=11.07 alice_rew=6.33 alice_sel=82.45% alice_unique=2975 bob_rew=4.74 bob_sel=17.55% bob_unique=5766 full_match=0.79
2018-09-02 17:38:50,547 : INFO : reinforce.py : 10500: dialog_len=5.35 sent_len=6.51 agree=84.23% advantage=1.89 time=0.051s comb_rew=11.07 alice_rew=6.33 alice_sel=82.45% alice_unique=2975 bob_rew=4.74 bob_sel=17.55% bob_unique=5766 full_match=0.79
10600: dialog_len=5.35 sent_len=6.51 agree=84.16% advantage=1.90 time=0.051s comb_rew=11.06 alice_rew=6.33 alice_sel=82.48% alice_unique=2983 bob_rew=4.73 bob_sel=17.52% bob_unique=5798 full_match=0.79
2018-09-02 17:38:55,497 : INFO : reinforce.py : 10600: dialog_len=5.35 sent_len=6.51 agree=84.16% advantage=1.90 time=0.051s comb_rew=11.06 alice_rew=6.33 alice_sel=82.48% alice_unique=2983 bob_rew=4.73 bob_sel=17.52% bob_unique=5798 full_match=0.79
10700: dialog_len=5.36 sent_len=6.52 agree=84.08% advantage=1.92 time=0.051s comb_rew=11.06 alice_rew=6.33 alice_sel=82.45% alice_unique=3021 bob_rew=4.72 bob_sel=17.55% bob_unique=5833 full_match=0.79
2018-09-02 17:39:01,521 : INFO : reinforce.py : 10700: dialog_len=5.36 sent_len=6.52 agree=84.08% advantage=1.92 time=0.051s comb_rew=11.06 alice_rew=6.33 alice_sel=82.45% alice_unique=3021 bob_rew=4.72 bob_sel=17.55% bob_unique=5833 full_match=0.79
10800: dialog_len=5.35 sent_len=6.52 agree=84.07% advantage=1.94 time=0.051s comb_rew=11.05 alice_rew=6.34 alice_sel=82.37% alice_unique=3029 bob_rew=4.71 bob_sel=17.63% bob_unique=5858 full_match=0.79
2018-09-02 17:39:06,857 : INFO : reinforce.py : 10800: dialog_len=5.35 sent_len=6.52 agree=84.07% advantage=1.94 time=0.051s comb_rew=11.05 alice_rew=6.34 alice_sel=82.37% alice_unique=3029 bob_rew=4.71 bob_sel=17.63% bob_unique=5858 full_match=0.79
10900: dialog_len=5.34 sent_len=6.51 agree=84.08% advantage=1.96 time=0.051s comb_rew=11.05 alice_rew=6.35 alice_sel=82.33% alice_unique=3043 bob_rew=4.70 bob_sel=17.67% bob_unique=5882 full_match=0.79
2018-09-02 17:39:12,431 : INFO : reinforce.py : 10900: dialog_len=5.34 sent_len=6.51 agree=84.08% advantage=1.96 time=0.051s comb_rew=11.05 alice_rew=6.35 alice_sel=82.33% alice_unique=3043 bob_rew=4.70 bob_sel=17.67% bob_unique=5882 full_match=0.79
11000: dialog_len=5.36 sent_len=6.52 agree=84.07% advantage=1.97 time=0.051s comb_rew=11.05 alice_rew=6.36 alice_sel=82.34% alice_unique=3060 bob_rew=4.70 bob_sel=17.66% bob_unique=5944 full_match=0.79
2018-09-02 17:39:22,344 : INFO : reinforce.py : 11000: dialog_len=5.36 sent_len=6.52 agree=84.07% advantage=1.97 time=0.051s comb_rew=11.05 alice_rew=6.36 alice_sel=82.34% alice_unique=3060 bob_rew=4.70 bob_sel=17.66% bob_unique=5944 full_match=0.79
11100: dialog_len=5.38 sent_len=6.53 agree=84.01% advantage=1.99 time=0.052s comb_rew=11.04 alice_rew=6.36 alice_sel=82.38% alice_unique=3068 bob_rew=4.68 bob_sel=17.62% bob_unique=6033 full_match=0.79
2018-09-02 17:39:32,835 : INFO : reinforce.py : 11100: dialog_len=5.38 sent_len=6.53 agree=84.01% advantage=1.99 time=0.052s comb_rew=11.04 alice_rew=6.36 alice_sel=82.38% alice_unique=3068 bob_rew=4.68 bob_sel=17.62% bob_unique=6033 full_match=0.79
11200: dialog_len=5.37 sent_len=6.53 agree=83.99% advantage=2.02 time=0.052s comb_rew=11.03 alice_rew=6.36 alice_sel=82.46% alice_unique=3080 bob_rew=4.67 bob_sel=17.54% bob_unique=6049 full_match=0.79
2018-09-02 17:39:38,196 : INFO : reinforce.py : 11200: dialog_len=5.37 sent_len=6.53 agree=83.99% advantage=2.02 time=0.052s comb_rew=11.03 alice_rew=6.36 alice_sel=82.46% alice_unique=3080 bob_rew=4.67 bob_sel=17.54% bob_unique=6049 full_match=0.79
11300: dialog_len=5.37 sent_len=6.53 agree=83.98% advantage=2.03 time=0.052s comb_rew=11.03 alice_rew=6.37 alice_sel=82.44% alice_unique=3083 bob_rew=4.66 bob_sel=17.56% bob_unique=6068 full_match=0.79
2018-09-02 17:39:42,803 : INFO : reinforce.py : 11300: dialog_len=5.37 sent_len=6.53 agree=83.98% advantage=2.03 time=0.052s comb_rew=11.03 alice_rew=6.37 alice_sel=82.44% alice_unique=3083 bob_rew=4.66 bob_sel=17.56% bob_unique=6068 full_match=0.79
11400: dialog_len=5.36 sent_len=6.53 agree=83.94% advantage=2.05 time=0.052s comb_rew=11.02 alice_rew=6.37 alice_sel=82.43% alice_unique=3086 bob_rew=4.65 bob_sel=17.57% bob_unique=6098 full_match=0.79
2018-09-02 17:39:47,758 : INFO : reinforce.py : 11400: dialog_len=5.36 sent_len=6.53 agree=83.94% advantage=2.05 time=0.052s comb_rew=11.02 alice_rew=6.37 alice_sel=82.43% alice_unique=3086 bob_rew=4.65 bob_sel=17.57% bob_unique=6098 full_match=0.79
11500: dialog_len=5.35 sent_len=6.52 agree=83.94% advantage=2.06 time=0.052s comb_rew=11.02 alice_rew=6.37 alice_sel=82.34% alice_unique=3109 bob_rew=4.64 bob_sel=17.66% bob_unique=6122 full_match=0.79
2018-09-02 17:39:52,517 : INFO : reinforce.py : 11500: dialog_len=5.35 sent_len=6.52 agree=83.94% advantage=2.06 time=0.052s comb_rew=11.02 alice_rew=6.37 alice_sel=82.34% alice_unique=3109 bob_rew=4.64 bob_sel=17.66% bob_unique=6122 full_match=0.79
11600: dialog_len=5.35 sent_len=6.53 agree=83.91% advantage=2.06 time=0.052s comb_rew=11.01 alice_rew=6.37 alice_sel=82.28% alice_unique=3154 bob_rew=4.64 bob_sel=17.72% bob_unique=6157 full_match=0.79
2018-09-02 17:39:58,302 : INFO : reinforce.py : 11600: dialog_len=5.35 sent_len=6.53 agree=83.91% advantage=2.06 time=0.052s comb_rew=11.01 alice_rew=6.37 alice_sel=82.28% alice_unique=3154 bob_rew=4.64 bob_sel=17.72% bob_unique=6157 full_match=0.79
11700: dialog_len=5.34 sent_len=6.53 agree=83.92% advantage=2.07 time=0.051s comb_rew=11.02 alice_rew=6.38 alice_sel=82.21% alice_unique=3162 bob_rew=4.64 bob_sel=17.79% bob_unique=6185 full_match=0.79
2018-09-02 17:40:02,746 : INFO : reinforce.py : 11700: dialog_len=5.34 sent_len=6.53 agree=83.92% advantage=2.07 time=0.051s comb_rew=11.02 alice_rew=6.38 alice_sel=82.21% alice_unique=3162 bob_rew=4.64 bob_sel=17.79% bob_unique=6185 full_match=0.79
11800: dialog_len=5.34 sent_len=6.53 agree=83.92% advantage=2.09 time=0.051s comb_rew=11.02 alice_rew=6.39 alice_sel=82.19% alice_unique=3179 bob_rew=4.63 bob_sel=17.81% bob_unique=6203 full_match=0.79
2018-09-02 17:40:07,711 : INFO : reinforce.py : 11800: dialog_len=5.34 sent_len=6.53 agree=83.92% advantage=2.09 time=0.051s comb_rew=11.02 alice_rew=6.39 alice_sel=82.19% alice_unique=3179 bob_rew=4.63 bob_sel=17.81% bob_unique=6203 full_match=0.79
11900: dialog_len=5.33 sent_len=6.52 agree=83.92% advantage=2.10 time=0.051s comb_rew=11.02 alice_rew=6.39 alice_sel=81.99% alice_unique=3197 bob_rew=4.63 bob_sel=18.01% bob_unique=6237 full_match=0.79
2018-09-02 17:40:12,207 : INFO : reinforce.py : 11900: dialog_len=5.33 sent_len=6.52 agree=83.92% advantage=2.10 time=0.051s comb_rew=11.02 alice_rew=6.39 alice_sel=81.99% alice_unique=3197 bob_rew=4.63 bob_sel=18.01% bob_unique=6237 full_match=0.79
12000: dialog_len=5.33 sent_len=6.52 agree=83.95% advantage=2.12 time=0.051s comb_rew=11.02 alice_rew=6.40 alice_sel=81.97% alice_unique=3209 bob_rew=4.62 bob_sel=18.02% bob_unique=6254 full_match=0.79
2018-09-02 17:40:16,531 : INFO : reinforce.py : 12000: dialog_len=5.33 sent_len=6.52 agree=83.95% advantage=2.12 time=0.051s comb_rew=11.02 alice_rew=6.40 alice_sel=81.97% alice_unique=3209 bob_rew=4.62 bob_sel=18.02% bob_unique=6254 full_match=0.79
12100: dialog_len=5.32 sent_len=6.52 agree=83.97% advantage=2.14 time=0.051s comb_rew=11.02 alice_rew=6.41 alice_sel=81.95% alice_unique=3228 bob_rew=4.61 bob_sel=18.05% bob_unique=6273 full_match=0.79
2018-09-02 17:40:21,971 : INFO : reinforce.py : 12100: dialog_len=5.32 sent_len=6.52 agree=83.97% advantage=2.14 time=0.051s comb_rew=11.02 alice_rew=6.41 alice_sel=81.95% alice_unique=3228 bob_rew=4.61 bob_sel=18.05% bob_unique=6273 full_match=0.79
12200: dialog_len=5.32 sent_len=6.52 agree=84.00% advantage=2.15 time=0.051s comb_rew=11.03 alice_rew=6.42 alice_sel=81.91% alice_unique=3237 bob_rew=4.61 bob_sel=18.09% bob_unique=6298 full_match=0.79
2018-09-02 17:40:28,237 : INFO : reinforce.py : 12200: dialog_len=5.32 sent_len=6.52 agree=84.00% advantage=2.15 time=0.051s comb_rew=11.03 alice_rew=6.42 alice_sel=81.91% alice_unique=3237 bob_rew=4.61 bob_sel=18.09% bob_unique=6298 full_match=0.79
12300: dialog_len=5.32 sent_len=6.52 agree=84.02% advantage=2.17 time=0.051s comb_rew=11.03 alice_rew=6.43 alice_sel=81.89% alice_unique=3240 bob_rew=4.61 bob_sel=18.11% bob_unique=6327 full_match=0.79
2018-09-02 17:40:33,679 : INFO : reinforce.py : 12300: dialog_len=5.32 sent_len=6.52 agree=84.02% advantage=2.17 time=0.051s comb_rew=11.03 alice_rew=6.43 alice_sel=81.89% alice_unique=3240 bob_rew=4.61 bob_sel=18.11% bob_unique=6327 full_match=0.79
12400: dialog_len=5.32 sent_len=6.52 agree=83.99% advantage=2.18 time=0.051s comb_rew=11.03 alice_rew=6.43 alice_sel=81.90% alice_unique=3253 bob_rew=4.60 bob_sel=18.10% bob_unique=6358 full_match=0.79
2018-09-02 17:40:39,882 : INFO : reinforce.py : 12400: dialog_len=5.32 sent_len=6.52 agree=83.99% advantage=2.18 time=0.051s comb_rew=11.03 alice_rew=6.43 alice_sel=81.90% alice_unique=3253 bob_rew=4.60 bob_sel=18.10% bob_unique=6358 full_match=0.79
12500: dialog_len=5.31 sent_len=6.52 agree=83.97% advantage=2.19 time=0.051s comb_rew=11.03 alice_rew=6.43 alice_sel=81.91% alice_unique=3273 bob_rew=4.59 bob_sel=18.09% bob_unique=6388 full_match=0.79
2018-09-02 17:40:46,217 : INFO : reinforce.py : 12500: dialog_len=5.31 sent_len=6.52 agree=83.97% advantage=2.19 time=0.051s comb_rew=11.03 alice_rew=6.43 alice_sel=81.91% alice_unique=3273 bob_rew=4.59 bob_sel=18.09% bob_unique=6388 full_match=0.79
12600: dialog_len=5.31 sent_len=6.52 agree=83.98% advantage=2.21 time=0.051s comb_rew=11.03 alice_rew=6.44 alice_sel=81.85% alice_unique=3275 bob_rew=4.59 bob_sel=18.15% bob_unique=6418 full_match=0.79
2018-09-02 17:40:51,862 : INFO : reinforce.py : 12600: dialog_len=5.31 sent_len=6.52 agree=83.98% advantage=2.21 time=0.051s comb_rew=11.03 alice_rew=6.44 alice_sel=81.85% alice_unique=3275 bob_rew=4.59 bob_sel=18.15% bob_unique=6418 full_match=0.79
12700: dialog_len=5.31 sent_len=6.52 agree=84.02% advantage=2.22 time=0.051s comb_rew=11.04 alice_rew=6.45 alice_sel=81.80% alice_unique=3277 bob_rew=4.58 bob_sel=18.20% bob_unique=6437 full_match=0.79
2018-09-02 17:40:56,202 : INFO : reinforce.py : 12700: dialog_len=5.31 sent_len=6.52 agree=84.02% advantage=2.22 time=0.051s comb_rew=11.04 alice_rew=6.45 alice_sel=81.80% alice_unique=3277 bob_rew=4.58 bob_sel=18.20% bob_unique=6437 full_match=0.79
12800: dialog_len=5.30 sent_len=6.52 agree=84.01% advantage=2.24 time=0.051s comb_rew=11.03 alice_rew=6.46 alice_sel=81.81% alice_unique=3280 bob_rew=4.58 bob_sel=18.19% bob_unique=6456 full_match=0.79
2018-09-02 17:41:00,470 : INFO : reinforce.py : 12800: dialog_len=5.30 sent_len=6.52 agree=84.01% advantage=2.24 time=0.051s comb_rew=11.03 alice_rew=6.46 alice_sel=81.81% alice_unique=3280 bob_rew=4.58 bob_sel=18.19% bob_unique=6456 full_match=0.79
12900: dialog_len=5.30 sent_len=6.52 agree=83.98% advantage=2.25 time=0.051s comb_rew=11.03 alice_rew=6.46 alice_sel=81.82% alice_unique=3313 bob_rew=4.57 bob_sel=18.18% bob_unique=6475 full_match=0.79
2018-09-02 17:41:04,534 : INFO : reinforce.py : 12900: dialog_len=5.30 sent_len=6.52 agree=83.98% advantage=2.25 time=0.051s comb_rew=11.03 alice_rew=6.46 alice_sel=81.82% alice_unique=3313 bob_rew=4.57 bob_sel=18.18% bob_unique=6475 full_match=0.79
13000: dialog_len=5.30 sent_len=6.52 agree=83.99% advantage=2.26 time=0.051s comb_rew=11.03 alice_rew=6.46 alice_sel=81.86% alice_unique=3368 bob_rew=4.56 bob_sel=18.14% bob_unique=6504 full_match=0.79
2018-09-02 17:41:09,428 : INFO : reinforce.py : 13000: dialog_len=5.30 sent_len=6.52 agree=83.99% advantage=2.26 time=0.051s comb_rew=11.03 alice_rew=6.46 alice_sel=81.86% alice_unique=3368 bob_rew=4.56 bob_sel=18.14% bob_unique=6504 full_match=0.79
13100: dialog_len=5.31 sent_len=6.53 agree=83.97% advantage=2.27 time=0.051s comb_rew=11.02 alice_rew=6.46 alice_sel=81.89% alice_unique=3377 bob_rew=4.56 bob_sel=18.11% bob_unique=6558 full_match=0.79
2018-09-02 17:41:17,255 : INFO : reinforce.py : 13100: dialog_len=5.31 sent_len=6.53 agree=83.97% advantage=2.27 time=0.051s comb_rew=11.02 alice_rew=6.46 alice_sel=81.89% alice_unique=3377 bob_rew=4.56 bob_sel=18.11% bob_unique=6558 full_match=0.79
13200: dialog_len=5.31 sent_len=6.53 agree=83.92% advantage=2.28 time=0.051s comb_rew=11.02 alice_rew=6.47 alice_sel=81.86% alice_unique=3384 bob_rew=4.55 bob_sel=18.14% bob_unique=6593 full_match=0.79
2018-09-02 17:41:22,504 : INFO : reinforce.py : 13200: dialog_len=5.31 sent_len=6.53 agree=83.92% advantage=2.28 time=0.051s comb_rew=11.02 alice_rew=6.47 alice_sel=81.86% alice_unique=3384 bob_rew=4.55 bob_sel=18.14% bob_unique=6593 full_match=0.79
13300: dialog_len=5.30 sent_len=6.53 agree=83.85% advantage=2.29 time=0.051s comb_rew=11.02 alice_rew=6.47 alice_sel=81.89% alice_unique=3390 bob_rew=4.55 bob_sel=18.11% bob_unique=6630 full_match=0.79
2018-09-02 17:41:28,411 : INFO : reinforce.py : 13300: dialog_len=5.30 sent_len=6.53 agree=83.85% advantage=2.29 time=0.051s comb_rew=11.02 alice_rew=6.47 alice_sel=81.89% alice_unique=3390 bob_rew=4.55 bob_sel=18.11% bob_unique=6630 full_match=0.79
13400: dialog_len=5.31 sent_len=6.53 agree=83.86% advantage=2.31 time=0.051s comb_rew=11.02 alice_rew=6.48 alice_sel=81.88% alice_unique=3403 bob_rew=4.54 bob_sel=18.12% bob_unique=6679 full_match=0.79
2018-09-02 17:41:33,647 : INFO : reinforce.py : 13400: dialog_len=5.31 sent_len=6.53 agree=83.86% advantage=2.31 time=0.051s comb_rew=11.02 alice_rew=6.48 alice_sel=81.88% alice_unique=3403 bob_rew=4.54 bob_sel=18.12% bob_unique=6679 full_match=0.79
13500: dialog_len=5.33 sent_len=6.54 agree=83.89% advantage=2.32 time=0.051s comb_rew=11.02 alice_rew=6.49 alice_sel=81.94% alice_unique=3410 bob_rew=4.54 bob_sel=18.06% bob_unique=6767 full_match=0.79
2018-09-02 17:41:42,263 : INFO : reinforce.py : 13500: dialog_len=5.33 sent_len=6.54 agree=83.89% advantage=2.32 time=0.051s comb_rew=11.02 alice_rew=6.49 alice_sel=81.94% alice_unique=3410 bob_rew=4.54 bob_sel=18.06% bob_unique=6767 full_match=0.79
13600: dialog_len=5.35 sent_len=6.56 agree=83.87% advantage=2.33 time=0.052s comb_rew=11.02 alice_rew=6.49 alice_sel=81.91% alice_unique=3431 bob_rew=4.54 bob_sel=18.09% bob_unique=6876 full_match=0.79
2018-09-02 17:41:52,312 : INFO : reinforce.py : 13600: dialog_len=5.35 sent_len=6.56 agree=83.87% advantage=2.33 time=0.052s comb_rew=11.02 alice_rew=6.49 alice_sel=81.91% alice_unique=3431 bob_rew=4.54 bob_sel=18.09% bob_unique=6876 full_match=0.79
13700: dialog_len=5.38 sent_len=6.57 agree=83.82% advantage=2.34 time=0.052s comb_rew=11.02 alice_rew=6.49 alice_sel=81.96% alice_unique=3456 bob_rew=4.53 bob_sel=18.04% bob_unique=6987 full_match=0.79
2018-09-02 17:42:05,447 : INFO : reinforce.py : 13700: dialog_len=5.38 sent_len=6.57 agree=83.82% advantage=2.34 time=0.052s comb_rew=11.02 alice_rew=6.49 alice_sel=81.96% alice_unique=3456 bob_rew=4.53 bob_sel=18.04% bob_unique=6987 full_match=0.79
13800: dialog_len=5.39 sent_len=6.58 agree=83.86% advantage=2.35 time=0.052s comb_rew=11.02 alice_rew=6.50 alice_sel=81.96% alice_unique=3469 bob_rew=4.53 bob_sel=18.04% bob_unique=7071 full_match=0.79
2018-09-02 17:42:14,140 : INFO : reinforce.py : 13800: dialog_len=5.39 sent_len=6.58 agree=83.86% advantage=2.35 time=0.052s comb_rew=11.02 alice_rew=6.50 alice_sel=81.96% alice_unique=3469 bob_rew=4.53 bob_sel=18.04% bob_unique=7071 full_match=0.79
13900: dialog_len=5.41 sent_len=6.58 agree=83.88% advantage=2.37 time=0.053s comb_rew=11.03 alice_rew=6.51 alice_sel=82.05% alice_unique=3488 bob_rew=4.52 bob_sel=17.95% bob_unique=7165 full_match=0.79
2018-09-02 17:42:24,475 : INFO : reinforce.py : 13900: dialog_len=5.41 sent_len=6.58 agree=83.88% advantage=2.37 time=0.053s comb_rew=11.03 alice_rew=6.51 alice_sel=82.05% alice_unique=3488 bob_rew=4.52 bob_sel=17.95% bob_unique=7165 full_match=0.79
14000: dialog_len=5.43 sent_len=6.59 agree=83.91% advantage=2.38 time=0.053s comb_rew=11.03 alice_rew=6.51 alice_sel=82.10% alice_unique=3538 bob_rew=4.52 bob_sel=17.90% bob_unique=7251 full_match=0.79
2018-09-02 17:42:33,318 : INFO : reinforce.py : 14000: dialog_len=5.43 sent_len=6.59 agree=83.91% advantage=2.38 time=0.053s comb_rew=11.03 alice_rew=6.51 alice_sel=82.10% alice_unique=3538 bob_rew=4.52 bob_sel=17.90% bob_unique=7251 full_match=0.79
14100: dialog_len=5.45 sent_len=6.61 agree=83.92% advantage=2.39 time=0.053s comb_rew=11.02 alice_rew=6.52 alice_sel=82.15% alice_unique=3595 bob_rew=4.51 bob_sel=17.85% bob_unique=7374 full_match=0.78
2018-09-02 17:42:45,138 : INFO : reinforce.py : 14100: dialog_len=5.45 sent_len=6.61 agree=83.92% advantage=2.39 time=0.053s comb_rew=11.02 alice_rew=6.52 alice_sel=82.15% alice_unique=3595 bob_rew=4.51 bob_sel=17.85% bob_unique=7374 full_match=0.78
14200: dialog_len=5.47 sent_len=6.61 agree=83.92% advantage=2.40 time=0.054s comb_rew=11.02 alice_rew=6.52 alice_sel=82.23% alice_unique=3602 bob_rew=4.50 bob_sel=17.77% bob_unique=7444 full_match=0.78
2018-09-02 17:42:55,613 : INFO : reinforce.py : 14200: dialog_len=5.47 sent_len=6.61 agree=83.92% advantage=2.40 time=0.054s comb_rew=11.02 alice_rew=6.52 alice_sel=82.23% alice_unique=3602 bob_rew=4.50 bob_sel=17.77% bob_unique=7444 full_match=0.78
14300: dialog_len=5.50 sent_len=6.63 agree=83.89% advantage=2.41 time=0.054s comb_rew=11.02 alice_rew=6.52 alice_sel=82.28% alice_unique=3615 bob_rew=4.50 bob_sel=17.72% bob_unique=7554 full_match=0.78
2018-09-02 17:43:07,478 : INFO : reinforce.py : 14300: dialog_len=5.50 sent_len=6.63 agree=83.89% advantage=2.41 time=0.054s comb_rew=11.02 alice_rew=6.52 alice_sel=82.28% alice_unique=3615 bob_rew=4.50 bob_sel=17.72% bob_unique=7554 full_match=0.78
14400: dialog_len=5.52 sent_len=6.64 agree=83.90% advantage=2.42 time=0.054s comb_rew=11.02 alice_rew=6.53 alice_sel=82.35% alice_unique=3628 bob_rew=4.49 bob_sel=17.65% bob_unique=7651 full_match=0.78
2018-09-02 17:43:19,339 : INFO : reinforce.py : 14400: dialog_len=5.52 sent_len=6.64 agree=83.90% advantage=2.42 time=0.054s comb_rew=11.02 alice_rew=6.53 alice_sel=82.35% alice_unique=3628 bob_rew=4.49 bob_sel=17.65% bob_unique=7651 full_match=0.78
14500: dialog_len=5.53 sent_len=6.64 agree=83.92% advantage=2.43 time=0.055s comb_rew=11.03 alice_rew=6.53 alice_sel=82.37% alice_unique=3649 bob_rew=4.49 bob_sel=17.63% bob_unique=7742 full_match=0.78
2018-09-02 17:43:27,651 : INFO : reinforce.py : 14500: dialog_len=5.53 sent_len=6.64 agree=83.92% advantage=2.43 time=0.055s comb_rew=11.03 alice_rew=6.53 alice_sel=82.37% alice_unique=3649 bob_rew=4.49 bob_sel=17.63% bob_unique=7742 full_match=0.78
14600: dialog_len=5.54 sent_len=6.65 agree=83.94% advantage=2.44 time=0.055s comb_rew=11.03 alice_rew=6.54 alice_sel=82.44% alice_unique=3651 bob_rew=4.49 bob_sel=17.56% bob_unique=7811 full_match=0.78
2018-09-02 17:43:37,253 : INFO : reinforce.py : 14600: dialog_len=5.54 sent_len=6.65 agree=83.94% advantage=2.44 time=0.055s comb_rew=11.03 alice_rew=6.54 alice_sel=82.44% alice_unique=3651 bob_rew=4.49 bob_sel=17.56% bob_unique=7811 full_match=0.78
14700: dialog_len=5.57 sent_len=6.66 agree=83.93% advantage=2.45 time=0.055s comb_rew=11.03 alice_rew=6.55 alice_sel=82.52% alice_unique=3653 bob_rew=4.49 bob_sel=17.48% bob_unique=7911 full_match=0.78
2018-09-02 17:43:49,072 : INFO : reinforce.py : 14700: dialog_len=5.57 sent_len=6.66 agree=83.93% advantage=2.45 time=0.055s comb_rew=11.03 alice_rew=6.55 alice_sel=82.52% alice_unique=3653 bob_rew=4.49 bob_sel=17.48% bob_unique=7911 full_match=0.78
14800: dialog_len=5.57 sent_len=6.66 agree=83.91% advantage=2.46 time=0.055s comb_rew=11.03 alice_rew=6.55 alice_sel=82.57% alice_unique=3677 bob_rew=4.48 bob_sel=17.43% bob_unique=7959 full_match=0.78
2018-09-02 17:43:56,988 : INFO : reinforce.py : 14800: dialog_len=5.57 sent_len=6.66 agree=83.91% advantage=2.46 time=0.055s comb_rew=11.03 alice_rew=6.55 alice_sel=82.57% alice_unique=3677 bob_rew=4.48 bob_sel=17.43% bob_unique=7959 full_match=0.78
14900: dialog_len=5.56 sent_len=6.66 agree=83.93% advantage=2.48 time=0.055s comb_rew=11.03 alice_rew=6.56 alice_sel=82.56% alice_unique=3697 bob_rew=4.48 bob_sel=17.44% bob_unique=7977 full_match=0.78
2018-09-02 17:44:01,181 : INFO : reinforce.py : 14900: dialog_len=5.56 sent_len=6.66 agree=83.93% advantage=2.48 time=0.055s comb_rew=11.03 alice_rew=6.56 alice_sel=82.56% alice_unique=3697 bob_rew=4.48 bob_sel=17.44% bob_unique=7977 full_match=0.78
15000: dialog_len=5.56 sent_len=6.66 agree=83.94% advantage=2.49 time=0.055s comb_rew=11.03 alice_rew=6.56 alice_sel=82.57% alice_unique=3703 bob_rew=4.47 bob_sel=17.43% bob_unique=7998 full_match=0.78
2018-09-02 17:44:05,619 : INFO : reinforce.py : 15000: dialog_len=5.56 sent_len=6.66 agree=83.94% advantage=2.49 time=0.055s comb_rew=11.03 alice_rew=6.56 alice_sel=82.57% alice_unique=3703 bob_rew=4.47 bob_sel=17.43% bob_unique=7998 full_match=0.78
15100: dialog_len=5.55 sent_len=6.65 agree=83.97% advantage=2.50 time=0.055s comb_rew=11.03 alice_rew=6.57 alice_sel=82.59% alice_unique=3703 bob_rew=4.47 bob_sel=17.41% bob_unique=8016 full_match=0.78
2018-09-02 17:44:10,904 : INFO : reinforce.py : 15100: dialog_len=5.55 sent_len=6.65 agree=83.97% advantage=2.50 time=0.055s comb_rew=11.03 alice_rew=6.57 alice_sel=82.59% alice_unique=3703 bob_rew=4.47 bob_sel=17.41% bob_unique=8016 full_match=0.78
15200: dialog_len=5.54 sent_len=6.65 agree=83.97% advantage=2.51 time=0.055s comb_rew=11.03 alice_rew=6.57 alice_sel=82.59% alice_unique=3705 bob_rew=4.46 bob_sel=17.41% bob_unique=8041 full_match=0.78
2018-09-02 17:44:14,909 : INFO : reinforce.py : 15200: dialog_len=5.54 sent_len=6.65 agree=83.97% advantage=2.51 time=0.055s comb_rew=11.03 alice_rew=6.57 alice_sel=82.59% alice_unique=3705 bob_rew=4.46 bob_sel=17.41% bob_unique=8041 full_match=0.78
15300: dialog_len=5.53 sent_len=6.65 agree=83.97% advantage=2.53 time=0.055s comb_rew=11.03 alice_rew=6.58 alice_sel=82.61% alice_unique=3707 bob_rew=4.45 bob_sel=17.39% bob_unique=8053 full_match=0.78
2018-09-02 17:44:18,912 : INFO : reinforce.py : 15300: dialog_len=5.53 sent_len=6.65 agree=83.97% advantage=2.53 time=0.055s comb_rew=11.03 alice_rew=6.58 alice_sel=82.61% alice_unique=3707 bob_rew=4.45 bob_sel=17.39% bob_unique=8053 full_match=0.78
15400: dialog_len=5.53 sent_len=6.64 agree=84.00% advantage=2.53 time=0.055s comb_rew=11.04 alice_rew=6.58 alice_sel=82.63% alice_unique=3709 bob_rew=4.45 bob_sel=17.37% bob_unique=8069 full_match=0.78
2018-09-02 17:44:22,859 : INFO : reinforce.py : 15400: dialog_len=5.53 sent_len=6.64 agree=84.00% advantage=2.53 time=0.055s comb_rew=11.04 alice_rew=6.58 alice_sel=82.63% alice_unique=3709 bob_rew=4.45 bob_sel=17.37% bob_unique=8069 full_match=0.78
15500: dialog_len=5.52 sent_len=6.64 agree=83.97% advantage=2.54 time=0.055s comb_rew=11.03 alice_rew=6.58 alice_sel=82.58% alice_unique=3721 bob_rew=4.45 bob_sel=17.42% bob_unique=8085 full_match=0.78
2018-09-02 17:44:28,658 : INFO : reinforce.py : 15500: dialog_len=5.52 sent_len=6.64 agree=83.97% advantage=2.54 time=0.055s comb_rew=11.03 alice_rew=6.58 alice_sel=82.58% alice_unique=3721 bob_rew=4.45 bob_sel=17.42% bob_unique=8085 full_match=0.78
15600: dialog_len=5.51 sent_len=6.64 agree=83.98% advantage=2.55 time=0.055s comb_rew=11.04 alice_rew=6.59 alice_sel=82.60% alice_unique=3726 bob_rew=4.45 bob_sel=17.40% bob_unique=8102 full_match=0.78
2018-09-02 17:44:33,922 : INFO : reinforce.py : 15600: dialog_len=5.51 sent_len=6.64 agree=83.98% advantage=2.55 time=0.055s comb_rew=11.04 alice_rew=6.59 alice_sel=82.60% alice_unique=3726 bob_rew=4.45 bob_sel=17.40% bob_unique=8102 full_match=0.78
15700: dialog_len=5.51 sent_len=6.64 agree=83.97% advantage=2.56 time=0.055s comb_rew=11.04 alice_rew=6.59 alice_sel=82.58% alice_unique=3730 bob_rew=4.44 bob_sel=17.42% bob_unique=8126 full_match=0.78
2018-09-02 17:44:39,339 : INFO : reinforce.py : 15700: dialog_len=5.51 sent_len=6.64 agree=83.97% advantage=2.56 time=0.055s comb_rew=11.04 alice_rew=6.59 alice_sel=82.58% alice_unique=3730 bob_rew=4.44 bob_sel=17.42% bob_unique=8126 full_match=0.78
15800: dialog_len=5.50 sent_len=6.64 agree=83.99% advantage=2.57 time=0.055s comb_rew=11.04 alice_rew=6.60 alice_sel=82.59% alice_unique=3744 bob_rew=4.44 bob_sel=17.41% bob_unique=8158 full_match=0.78
2018-09-02 17:44:45,880 : INFO : reinforce.py : 15800: dialog_len=5.50 sent_len=6.64 agree=83.99% advantage=2.57 time=0.055s comb_rew=11.04 alice_rew=6.60 alice_sel=82.59% alice_unique=3744 bob_rew=4.44 bob_sel=17.41% bob_unique=8158 full_match=0.78
15900: dialog_len=5.50 sent_len=6.64 agree=83.99% advantage=2.59 time=0.055s comb_rew=11.04 alice_rew=6.61 alice_sel=82.61% alice_unique=3750 bob_rew=4.44 bob_sel=17.39% bob_unique=8183 full_match=0.78
2018-09-02 17:44:51,774 : INFO : reinforce.py : 15900: dialog_len=5.50 sent_len=6.64 agree=83.99% advantage=2.59 time=0.055s comb_rew=11.04 alice_rew=6.61 alice_sel=82.61% alice_unique=3750 bob_rew=4.44 bob_sel=17.39% bob_unique=8183 full_match=0.78
16000: dialog_len=5.49 sent_len=6.63 agree=84.02% advantage=2.60 time=0.055s comb_rew=11.05 alice_rew=6.62 alice_sel=82.60% alice_unique=3757 bob_rew=4.43 bob_sel=17.40% bob_unique=8212 full_match=0.78
2018-09-02 17:44:57,376 : INFO : reinforce.py : 16000: dialog_len=5.49 sent_len=6.63 agree=84.02% advantage=2.60 time=0.055s comb_rew=11.05 alice_rew=6.62 alice_sel=82.60% alice_unique=3757 bob_rew=4.43 bob_sel=17.40% bob_unique=8212 full_match=0.78
16100: dialog_len=5.49 sent_len=6.63 agree=84.03% advantage=2.61 time=0.055s comb_rew=11.05 alice_rew=6.62 alice_sel=82.58% alice_unique=3762 bob_rew=4.43 bob_sel=17.42% bob_unique=8230 full_match=0.78
2018-09-02 17:45:03,184 : INFO : reinforce.py : 16100: dialog_len=5.49 sent_len=6.63 agree=84.03% advantage=2.61 time=0.055s comb_rew=11.05 alice_rew=6.62 alice_sel=82.58% alice_unique=3762 bob_rew=4.43 bob_sel=17.42% bob_unique=8230 full_match=0.78
16200: dialog_len=5.48 sent_len=6.63 agree=84.05% advantage=2.62 time=0.055s comb_rew=11.05 alice_rew=6.63 alice_sel=82.59% alice_unique=3767 bob_rew=4.43 bob_sel=17.41% bob_unique=8246 full_match=0.78
2018-09-02 17:45:08,305 : INFO : reinforce.py : 16200: dialog_len=5.48 sent_len=6.63 agree=84.05% advantage=2.62 time=0.055s comb_rew=11.05 alice_rew=6.63 alice_sel=82.59% alice_unique=3767 bob_rew=4.43 bob_sel=17.41% bob_unique=8246 full_match=0.78
16300: dialog_len=5.48 sent_len=6.63 agree=84.05% advantage=2.63 time=0.055s comb_rew=11.05 alice_rew=6.63 alice_sel=82.54% alice_unique=3791 bob_rew=4.42 bob_sel=17.46% bob_unique=8263 full_match=0.78
2018-09-02 17:45:13,996 : INFO : reinforce.py : 16300: dialog_len=5.48 sent_len=6.63 agree=84.05% advantage=2.63 time=0.055s comb_rew=11.05 alice_rew=6.63 alice_sel=82.54% alice_unique=3791 bob_rew=4.42 bob_sel=17.46% bob_unique=8263 full_match=0.78
final: train_loss 1.722 train_ppl 5.596
final: train_select_loss 0.045 train_select_ppl 1.046
final: valid_loss 1.848 valid_ppl 6.348
final: valid_select_loss 0.157 valid_select_ppl 1.170
final: dialog_len=5.48 sent_len=6.63 agree=84.05% advantage=2.63 time=0.055s comb_rew=11.05 alice_rew=6.63 alice_sel=82.54% alice_unique=3793 bob_rew=4.42 bob_sel=17.46% bob_unique=8278 full_match=0.78
2018-09-02 17:45:19,517 : INFO : reinforce.py : Saving updated Alice model to rl_model.th
